{"/Users/himmer/Code/dataSolutions/data-services-pwa-recs/lib/collector/collectors/useActivitySummaryCollector.js": {"path":"/Users/himmer/Code/dataSolutions/data-services-pwa-recs/lib/collector/collectors/useActivitySummaryCollector.js","statementMap":{"0":{"start":{"line":10,"column":36},"end":{"line":31,"column":1}},"1":{"start":{"line":11,"column":19},"end":{"line":11,"column":28}},"2":{"start":{"line":12,"column":42},"end":{"line":12,"column":60}},"3":{"start":{"line":13,"column":24},"end":{"line":13,"column":43}},"4":{"start":{"line":15,"column":29},"end":{"line":25,"column":26}},"5":{"start":{"line":17,"column":24},"end":{"line":17,"column":58}},"6":{"start":{"line":18,"column":4},"end":{"line":21,"column":7}},"7":{"start":{"line":23,"column":4},"end":{"line":23,"column":25}},"8":{"start":{"line":24,"column":4},"end":{"line":24,"column":25}},"9":{"start":{"line":27,"column":2},"end":{"line":27,"column":59}},"10":{"start":{"line":28,"column":2},"end":{"line":28,"column":36}},"11":{"start":{"line":29,"column":2},"end":{"line":29,"column":27}},"12":{"start":{"line":30,"column":2},"end":{"line":30,"column":38}}},"fnMap":{"0":{"name":"(anonymous_0)","decl":{"start":{"line":10,"column":36},"end":{"line":10,"column":37}},"loc":{"start":{"line":10,"column":42},"end":{"line":31,"column":1}},"line":10},"1":{"name":"(anonymous_1)","decl":{"start":{"line":15,"column":41},"end":{"line":15,"column":42}},"loc":{"start":{"line":15,"column":47},"end":{"line":25,"column":3}},"line":15}},"branchMap":{},"s":{"0":1,"1":1,"2":1,"3":1,"4":1,"5":0,"6":0,"7":0,"8":0,"9":1,"10":1,"11":1,"12":1},"f":{"0":1,"1":0},"b":{},"_coverageSchema":"1a1c01bbd47fc00a2c39e90264f33305004495a9","hash":"2d4d3560377e5876560247229d690ad1f45b9b39"}
,"/Users/himmer/Code/dataSolutions/data-services-pwa-recs/lib/collector/collectors/useCollector.js": {"path":"/Users/himmer/Code/dataSolutions/data-services-pwa-recs/lib/collector/collectors/useCollector.js","statementMap":{"0":{"start":{"line":7,"column":0},"end":{"line":7,"column":77}},"1":{"start":{"line":9,"column":21},"end":{"line":47,"column":1}},"2":{"start":{"line":10,"column":2},"end":{"line":44,"column":9}},"3":{"start":{"line":11,"column":31},"end":{"line":11,"column":53}},"4":{"start":{"line":13,"column":4},"end":{"line":40,"column":6}},"5":{"start":{"line":42,"column":4},"end":{"line":42,"column":50}},"6":{"start":{"line":43,"column":4},"end":{"line":43,"column":52}},"7":{"start":{"line":46,"column":2},"end":{"line":46,"column":32}}},"fnMap":{"0":{"name":"(anonymous_0)","decl":{"start":{"line":9,"column":21},"end":{"line":9,"column":22}},"loc":{"start":{"line":9,"column":27},"end":{"line":47,"column":1}},"line":9},"1":{"name":"(anonymous_1)","decl":{"start":{"line":10,"column":12},"end":{"line":10,"column":13}},"loc":{"start":{"line":10,"column":18},"end":{"line":44,"column":3}},"line":10}},"branchMap":{"0":{"loc":{"start":{"line":21,"column":21},"end":{"line":21,"column":61}},"type":"cond-expr","locations":[{"start":{"line":21,"column":44},"end":{"line":21,"column":52}},{"start":{"line":21,"column":55},"end":{"line":21,"column":61}}],"line":21}},"s":{"0":1,"1":1,"2":0,"3":0,"4":0,"5":0,"6":0,"7":0},"f":{"0":0,"1":0},"b":{"0":[0,0]},"_coverageSchema":"1a1c01bbd47fc00a2c39e90264f33305004495a9","hash":"5230284d22b23fb7c47f68708ca7be44ccb2fb26"}
,"/Users/himmer/Code/dataSolutions/data-services-pwa-recs/lib/collector/constants/collectorEvents.js": {"path":"/Users/himmer/Code/dataSolutions/data-services-pwa-recs/lib/collector/constants/collectorEvents.js","statementMap":{"0":{"start":{"line":1,"column":29},"end":{"line":1,"column":40}},"1":{"start":{"line":2,"column":36},"end":{"line":2,"column":55}},"2":{"start":{"line":3,"column":37},"end":{"line":3,"column":58}},"3":{"start":{"line":4,"column":35},"end":{"line":4,"column":58}},"4":{"start":{"line":5,"column":25},"end":{"line":5,"column":37}},"5":{"start":{"line":6,"column":27},"end":{"line":6,"column":41}}},"fnMap":{},"branchMap":{},"s":{"0":2,"1":2,"2":2,"3":2,"4":2,"5":2},"f":{},"b":{},"_coverageSchema":"1a1c01bbd47fc00a2c39e90264f33305004495a9","hash":"128abb9c3b66b89edd4961039ebd454c2505a7b2"}
,"/Users/himmer/Code/dataSolutions/data-services-pwa-recs/lib/collector/constants/contextSchemas.js": {"path":"/Users/himmer/Code/dataSolutions/data-services-pwa-recs/lib/collector/constants/contextSchemas.js","statementMap":{"0":{"start":{"line":2,"column":2},"end":{"line":2,"column":58}},"1":{"start":{"line":4,"column":2},"end":{"line":4,"column":58}},"2":{"start":{"line":6,"column":2},"end":{"line":6,"column":68}},"3":{"start":{"line":8,"column":2},"end":{"line":8,"column":70}},"4":{"start":{"line":10,"column":2},"end":{"line":10,"column":64}},"5":{"start":{"line":12,"column":2},"end":{"line":12,"column":66}},"6":{"start":{"line":14,"column":2},"end":{"line":14,"column":69}},"7":{"start":{"line":16,"column":2},"end":{"line":16,"column":70}},"8":{"start":{"line":18,"column":2},"end":{"line":18,"column":67}}},"fnMap":{},"branchMap":{},"s":{"0":2,"1":2,"2":2,"3":2,"4":2,"5":2,"6":2,"7":2,"8":2},"f":{},"b":{},"_coverageSchema":"1a1c01bbd47fc00a2c39e90264f33305004495a9","hash":"139f82aefec9dfe797a20192b24e58293a3df87e"}
,"/Users/himmer/Code/dataSolutions/data-services-pwa-recs/lib/collector/constants/dataLayerContexts.js": {"path":"/Users/himmer/Code/dataSolutions/data-services-pwa-recs/lib/collector/constants/dataLayerContexts.js","statementMap":{"0":{"start":{"line":1,"column":30},"end":{"line":1,"column":47}},"1":{"start":{"line":2,"column":34},"end":{"line":2,"column":48}},"2":{"start":{"line":3,"column":35},"end":{"line":3,"column":58}}},"fnMap":{},"branchMap":{},"s":{"0":2,"1":2,"2":2},"f":{},"b":{},"_coverageSchema":"1a1c01bbd47fc00a2c39e90264f33305004495a9","hash":"fdd6226aff48c150ab9c4d8ba2a5caed75753a5a"}
,"/Users/himmer/Code/dataSolutions/data-services-pwa-recs/lib/collector/constants/index.js": {"path":"/Users/himmer/Code/dataSolutions/data-services-pwa-recs/lib/collector/constants/index.js","statementMap":{},"fnMap":{},"branchMap":{},"s":{},"f":{},"b":{},"_coverageSchema":"1a1c01bbd47fc00a2c39e90264f33305004495a9","hash":"8a3508ab80b2aee63bf3b8faaf347426bf5d8981"}
,"/Users/himmer/Code/dataSolutions/data-services-pwa-recs/lib/collector/constants/localStorageConstants.js": {"path":"/Users/himmer/Code/dataSolutions/data-services-pwa-recs/lib/collector/constants/localStorageConstants.js","statementMap":{"0":{"start":{"line":1,"column":33},"end":{"line":1,"column":42}}},"fnMap":{},"branchMap":{},"s":{"0":2},"f":{},"b":{},"_coverageSchema":"1a1c01bbd47fc00a2c39e90264f33305004495a9","hash":"1ae39b3785103239a91668ee4759e7b6c292d2c5"}
,"/Users/himmer/Code/dataSolutions/data-services-pwa-recs/lib/collector/contexts/index.js": {"path":"/Users/himmer/Code/dataSolutions/data-services-pwa-recs/lib/collector/contexts/index.js","statementMap":{},"fnMap":{},"branchMap":{},"s":{},"f":{},"b":{},"_coverageSchema":"1a1c01bbd47fc00a2c39e90264f33305004495a9","hash":"1fcb177cb7bed5095aecdbdda433083429bc5994"}
,"/Users/himmer/Code/dataSolutions/data-services-pwa-recs/lib/collector/contexts/item.js": {"path":"/Users/himmer/Code/dataSolutions/data-services-pwa-recs/lib/collector/contexts/item.js","statementMap":{"0":{"start":{"line":2,"column":33},"end":{"line":40,"column":1}},"1":{"start":{"line":3,"column":22},"end":{"line":37,"column":3}},"2":{"start":{"line":39,"column":2},"end":{"line":39,"column":21}}},"fnMap":{"0":{"name":"(anonymous_0)","decl":{"start":{"line":2,"column":33},"end":{"line":2,"column":34}},"loc":{"start":{"line":2,"column":51},"end":{"line":40,"column":1}},"line":2}},"branchMap":{"0":{"loc":{"start":{"line":12,"column":16},"end":{"line":12,"column":50}},"type":"cond-expr","locations":[{"start":{"line":12,"column":29},"end":{"line":12,"column":43}},{"start":{"line":12,"column":46},"end":{"line":12,"column":50}}],"line":12},"1":{"loc":{"start":{"line":16,"column":12},"end":{"line":18,"column":20}},"type":"cond-expr","locations":[{"start":{"line":17,"column":16},"end":{"line":17,"column":43}},{"start":{"line":18,"column":16},"end":{"line":18,"column":20}}],"line":16},"2":{"loc":{"start":{"line":16,"column":12},"end":{"line":16,"column":77}},"type":"binary-expr","locations":[{"start":{"line":16,"column":12},"end":{"line":16,"column":23}},{"start":{"line":16,"column":27},"end":{"line":16,"column":46}},{"start":{"line":16,"column":50},"end":{"line":16,"column":77}}],"line":16},"3":{"loc":{"start":{"line":20,"column":12},"end":{"line":22,"column":20}},"type":"cond-expr","locations":[{"start":{"line":21,"column":16},"end":{"line":21,"column":41}},{"start":{"line":22,"column":16},"end":{"line":22,"column":20}}],"line":20},"4":{"loc":{"start":{"line":20,"column":12},"end":{"line":20,"column":75}},"type":"binary-expr","locations":[{"start":{"line":20,"column":12},"end":{"line":20,"column":23}},{"start":{"line":20,"column":27},"end":{"line":20,"column":46}},{"start":{"line":20,"column":50},"end":{"line":20,"column":75}}],"line":20},"5":{"loc":{"start":{"line":26,"column":12},"end":{"line":28,"column":20}},"type":"cond-expr","locations":[{"start":{"line":27,"column":16},"end":{"line":27,"column":43}},{"start":{"line":28,"column":16},"end":{"line":28,"column":20}}],"line":26},"6":{"loc":{"start":{"line":26,"column":12},"end":{"line":26,"column":77}},"type":"binary-expr","locations":[{"start":{"line":26,"column":12},"end":{"line":26,"column":23}},{"start":{"line":26,"column":27},"end":{"line":26,"column":46}},{"start":{"line":26,"column":50},"end":{"line":26,"column":77}}],"line":26},"7":{"loc":{"start":{"line":30,"column":12},"end":{"line":32,"column":20}},"type":"cond-expr","locations":[{"start":{"line":31,"column":16},"end":{"line":31,"column":41}},{"start":{"line":32,"column":16},"end":{"line":32,"column":20}}],"line":30},"8":{"loc":{"start":{"line":30,"column":12},"end":{"line":30,"column":75}},"type":"binary-expr","locations":[{"start":{"line":30,"column":12},"end":{"line":30,"column":23}},{"start":{"line":30,"column":27},"end":{"line":30,"column":46}},{"start":{"line":30,"column":50},"end":{"line":30,"column":75}}],"line":30}},"s":{"0":1,"1":0,"2":0},"f":{"0":0},"b":{"0":[0,0],"1":[0,0],"2":[0,0,0],"3":[0,0],"4":[0,0,0],"5":[0,0],"6":[0,0,0],"7":[0,0],"8":[0,0,0]},"_coverageSchema":"1a1c01bbd47fc00a2c39e90264f33305004495a9","hash":"0f01420dea12ddde609c39698a9300edc62a5d2b"}
,"/Users/himmer/Code/dataSolutions/data-services-pwa-recs/lib/collector/contexts/unit.js": {"path":"/Users/himmer/Code/dataSolutions/data-services-pwa-recs/lib/collector/contexts/unit.js","statementMap":{"0":{"start":{"line":3,"column":33},"end":{"line":21,"column":1}},"1":{"start":{"line":5,"column":22},"end":{"line":19,"column":3}},"2":{"start":{"line":20,"column":2},"end":{"line":20,"column":21}}},"fnMap":{"0":{"name":"(anonymous_0)","decl":{"start":{"line":3,"column":33},"end":{"line":3,"column":34}},"loc":{"start":{"line":3,"column":41},"end":{"line":21,"column":1}},"line":3}},"branchMap":{},"s":{"0":1,"1":0,"2":0},"f":{"0":0},"b":{},"_coverageSchema":"1a1c01bbd47fc00a2c39e90264f33305004495a9","hash":"9eeb95e38c2fd8779454c08ab8c009d3da2a926b"}
,"/Users/himmer/Code/dataSolutions/data-services-pwa-recs/lib/collector/hooks/useActivitySummaryInterval.js": {"path":"/Users/himmer/Code/dataSolutions/data-services-pwa-recs/lib/collector/hooks/useActivitySummaryInterval.js","statementMap":{"0":{"start":{"line":5,"column":29},"end":{"line":5,"column":30}},"1":{"start":{"line":7,"column":35},"end":{"line":37,"column":1}},"2":{"start":{"line":8,"column":28},"end":{"line":8,"column":58}},"3":{"start":{"line":9,"column":31},"end":{"line":17,"column":25}},"4":{"start":{"line":10,"column":4},"end":{"line":10,"column":26}},"5":{"start":{"line":11,"column":4},"end":{"line":16,"column":7}},"6":{"start":{"line":19,"column":24},"end":{"line":19,"column":52}},"7":{"start":{"line":21,"column":2},"end":{"line":24,"column":18}},"8":{"start":{"line":23,"column":4},"end":{"line":23,"column":54}},"9":{"start":{"line":26,"column":2},"end":{"line":28,"column":29}},"10":{"start":{"line":27,"column":4},"end":{"line":27,"column":49}},"11":{"start":{"line":30,"column":2},"end":{"line":36,"column":14}},"12":{"start":{"line":32,"column":6},"end":{"line":32,"column":30}},"13":{"start":{"line":34,"column":13},"end":{"line":34,"column":44}},"14":{"start":{"line":35,"column":4},"end":{"line":35,"column":42}},"15":{"start":{"line":35,"column":17},"end":{"line":35,"column":41}}},"fnMap":{"0":{"name":"(anonymous_0)","decl":{"start":{"line":7,"column":35},"end":{"line":7,"column":36}},"loc":{"start":{"line":7,"column":69},"end":{"line":37,"column":1}},"line":7},"1":{"name":"(anonymous_1)","decl":{"start":{"line":9,"column":43},"end":{"line":9,"column":44}},"loc":{"start":{"line":9,"column":49},"end":{"line":17,"column":3}},"line":9},"2":{"name":"(anonymous_2)","decl":{"start":{"line":21,"column":12},"end":{"line":21,"column":13}},"loc":{"start":{"line":21,"column":18},"end":{"line":24,"column":3}},"line":21},"3":{"name":"(anonymous_3)","decl":{"start":{"line":26,"column":12},"end":{"line":26,"column":13}},"loc":{"start":{"line":26,"column":18},"end":{"line":28,"column":3}},"line":26},"4":{"name":"(anonymous_4)","decl":{"start":{"line":30,"column":12},"end":{"line":30,"column":13}},"loc":{"start":{"line":30,"column":18},"end":{"line":36,"column":3}},"line":30},"5":{"name":"tick","decl":{"start":{"line":31,"column":13},"end":{"line":31,"column":17}},"loc":{"start":{"line":31,"column":20},"end":{"line":33,"column":5}},"line":31},"6":{"name":"(anonymous_6)","decl":{"start":{"line":35,"column":11},"end":{"line":35,"column":12}},"loc":{"start":{"line":35,"column":17},"end":{"line":35,"column":41}},"line":35}},"branchMap":{"0":{"loc":{"start":{"line":23,"column":13},"end":{"line":23,"column":52}},"type":"cond-expr","locations":[{"start":{"line":23,"column":25},"end":{"line":23,"column":45}},{"start":{"line":23,"column":48},"end":{"line":23,"column":52}}],"line":23}},"s":{"0":2,"1":2,"2":3,"3":3,"4":3,"5":3,"6":3,"7":3,"8":2,"9":3,"10":2,"11":3,"12":3,"13":3,"14":3,"15":3},"f":{"0":3,"1":3,"2":2,"3":2,"4":3,"5":3,"6":3},"b":{"0":[1,1]},"_coverageSchema":"1a1c01bbd47fc00a2c39e90264f33305004495a9","hash":"48901877b26ceb5d25be8bc26e2940b7f1cc8eee"}
,"/Users/himmer/Code/dataSolutions/data-services-pwa-recs/lib/collector/hooks/useCreateDataLayerEventHandlers.js": {"path":"/Users/himmer/Code/dataSolutions/data-services-pwa-recs/lib/collector/hooks/useCreateDataLayerEventHandlers.js","statementMap":{"0":{"start":{"line":9,"column":37},"end":{"line":28,"column":1}},"1":{"start":{"line":10,"column":18},"end":{"line":10,"column":42}},"2":{"start":{"line":12,"column":2},"end":{"line":14,"column":3}},"3":{"start":{"line":13,"column":4},"end":{"line":13,"column":14}},"4":{"start":{"line":16,"column":2},"end":{"line":27,"column":4}},"5":{"start":{"line":23,"column":55},"end":{"line":23,"column":74}},"6":{"start":{"line":30,"column":40},"end":{"line":217,"column":1}},"7":{"start":{"line":31,"column":28},"end":{"line":31,"column":42}},"8":{"start":{"line":33,"column":2},"end":{"line":216,"column":26}},"9":{"start":{"line":34,"column":28},"end":{"line":45,"column":5}},"10":{"start":{"line":35,"column":29},"end":{"line":35,"column":52}},"11":{"start":{"line":36,"column":6},"end":{"line":44,"column":8}},"12":{"start":{"line":46,"column":34},"end":{"line":56,"column":5}},"13":{"start":{"line":47,"column":6},"end":{"line":55,"column":8}},"14":{"start":{"line":57,"column":38},"end":{"line":64,"column":5}},"15":{"start":{"line":58,"column":19},"end":{"line":58,"column":46}},"16":{"start":{"line":59,"column":6},"end":{"line":62,"column":9}},"17":{"start":{"line":63,"column":6},"end":{"line":63,"column":47}},"18":{"start":{"line":65,"column":28},"end":{"line":70,"column":5}},"19":{"start":{"line":66,"column":24},"end":{"line":66,"column":50}},"20":{"start":{"line":67,"column":6},"end":{"line":69,"column":7}},"21":{"start":{"line":68,"column":8},"end":{"line":68,"column":53}},"22":{"start":{"line":72,"column":30},"end":{"line":75,"column":5}},"23":{"start":{"line":73,"column":26},"end":{"line":73,"column":54}},"24":{"start":{"line":74,"column":6},"end":{"line":74,"column":55}},"25":{"start":{"line":77,"column":32},"end":{"line":79,"column":5}},"26":{"start":{"line":78,"column":6},"end":{"line":78,"column":41}},"27":{"start":{"line":81,"column":34},"end":{"line":90,"column":5}},"28":{"start":{"line":82,"column":6},"end":{"line":89,"column":8}},"29":{"start":{"line":92,"column":37},"end":{"line":102,"column":5}},"30":{"start":{"line":93,"column":6},"end":{"line":101,"column":8}},"31":{"start":{"line":104,"column":42},"end":{"line":128,"column":5}},"32":{"start":{"line":105,"column":27},"end":{"line":105,"column":42}},"33":{"start":{"line":106,"column":23},"end":{"line":106,"column":25}},"34":{"start":{"line":108,"column":6},"end":{"line":117,"column":7}},"35":{"start":{"line":109,"column":8},"end":{"line":116,"column":11}},"36":{"start":{"line":110,"column":30},"end":{"line":110,"column":53}},"37":{"start":{"line":111,"column":10},"end":{"line":111,"column":37}},"38":{"start":{"line":112,"column":10},"end":{"line":115,"column":13}},"39":{"start":{"line":113,"column":32},"end":{"line":113,"column":71}},"40":{"start":{"line":114,"column":12},"end":{"line":114,"column":39}},"41":{"start":{"line":119,"column":6},"end":{"line":127,"column":8}},"42":{"start":{"line":130,"column":32},"end":{"line":149,"column":5}},"43":{"start":{"line":134,"column":10},"end":{"line":134,"column":25}},"44":{"start":{"line":136,"column":26},"end":{"line":136,"column":49}},"45":{"start":{"line":137,"column":26},"end":{"line":137,"column":65}},"46":{"start":{"line":138,"column":23},"end":{"line":138,"column":49}},"47":{"start":{"line":140,"column":6},"end":{"line":148,"column":8}},"48":{"start":{"line":151,"column":31},"end":{"line":163,"column":5}},"49":{"start":{"line":152,"column":26},"end":{"line":152,"column":68}},"50":{"start":{"line":153,"column":23},"end":{"line":153,"column":36}},"51":{"start":{"line":154,"column":6},"end":{"line":162,"column":8}},"52":{"start":{"line":165,"column":33},"end":{"line":186,"column":5}},"53":{"start":{"line":166,"column":26},"end":{"line":166,"column":41}},"54":{"start":{"line":167,"column":23},"end":{"line":167,"column":25}},"55":{"start":{"line":169,"column":26},"end":{"line":169,"column":52}},"56":{"start":{"line":170,"column":6},"end":{"line":170,"column":33}},"57":{"start":{"line":172,"column":6},"end":{"line":175,"column":9}},"58":{"start":{"line":173,"column":28},"end":{"line":173,"column":70}},"59":{"start":{"line":174,"column":8},"end":{"line":174,"column":35}},"60":{"start":{"line":177,"column":6},"end":{"line":185,"column":8}},"61":{"start":{"line":188,"column":4},"end":{"line":188,"column":45}},"62":{"start":{"line":189,"column":4},"end":{"line":189,"column":57}},"63":{"start":{"line":190,"column":4},"end":{"line":192,"column":7}},"64":{"start":{"line":193,"column":4},"end":{"line":193,"column":45}},"65":{"start":{"line":194,"column":4},"end":{"line":194,"column":49}},"66":{"start":{"line":195,"column":4},"end":{"line":195,"column":48}},"67":{"start":{"line":196,"column":4},"end":{"line":196,"column":52}},"68":{"start":{"line":197,"column":4},"end":{"line":197,"column":53}},"69":{"start":{"line":198,"column":4},"end":{"line":198,"column":70}},"70":{"start":{"line":199,"column":4},"end":{"line":199,"column":60}},"71":{"start":{"line":200,"column":4},"end":{"line":200,"column":51}},"72":{"start":{"line":201,"column":4},"end":{"line":201,"column":55}},"73":{"start":{"line":202,"column":4},"end":{"line":215,"column":6}},"74":{"start":{"line":203,"column":6},"end":{"line":203,"column":49}},"75":{"start":{"line":204,"column":6},"end":{"line":204,"column":61}},"76":{"start":{"line":205,"column":6},"end":{"line":205,"column":65}},"77":{"start":{"line":206,"column":6},"end":{"line":206,"column":49}},"78":{"start":{"line":207,"column":6},"end":{"line":207,"column":53}},"79":{"start":{"line":208,"column":6},"end":{"line":208,"column":52}},"80":{"start":{"line":209,"column":6},"end":{"line":209,"column":56}},"81":{"start":{"line":210,"column":6},"end":{"line":210,"column":64}},"82":{"start":{"line":211,"column":6},"end":{"line":211,"column":74}},"83":{"start":{"line":212,"column":6},"end":{"line":212,"column":57}},"84":{"start":{"line":213,"column":6},"end":{"line":213,"column":55}},"85":{"start":{"line":214,"column":6},"end":{"line":214,"column":59}}},"fnMap":{"0":{"name":"(anonymous_0)","decl":{"start":{"line":9,"column":37},"end":{"line":9,"column":38}},"loc":{"start":{"line":9,"column":43},"end":{"line":28,"column":1}},"line":9},"1":{"name":"(anonymous_1)","decl":{"start":{"line":23,"column":43},"end":{"line":23,"column":44}},"loc":{"start":{"line":23,"column":55},"end":{"line":23,"column":74}},"line":23},"2":{"name":"(anonymous_2)","decl":{"start":{"line":30,"column":40},"end":{"line":30,"column":41}},"loc":{"start":{"line":30,"column":46},"end":{"line":217,"column":1}},"line":30},"3":{"name":"(anonymous_3)","decl":{"start":{"line":33,"column":12},"end":{"line":33,"column":13}},"loc":{"start":{"line":33,"column":18},"end":{"line":216,"column":3}},"line":33},"4":{"name":"(anonymous_4)","decl":{"start":{"line":34,"column":28},"end":{"line":34,"column":29}},"loc":{"start":{"line":34,"column":34},"end":{"line":45,"column":5}},"line":34},"5":{"name":"(anonymous_5)","decl":{"start":{"line":46,"column":34},"end":{"line":46,"column":35}},"loc":{"start":{"line":46,"column":40},"end":{"line":56,"column":5}},"line":46},"6":{"name":"(anonymous_6)","decl":{"start":{"line":57,"column":38},"end":{"line":57,"column":39}},"loc":{"start":{"line":57,"column":44},"end":{"line":64,"column":5}},"line":57},"7":{"name":"(anonymous_7)","decl":{"start":{"line":65,"column":28},"end":{"line":65,"column":29}},"loc":{"start":{"line":65,"column":34},"end":{"line":70,"column":5}},"line":65},"8":{"name":"(anonymous_8)","decl":{"start":{"line":72,"column":30},"end":{"line":72,"column":31}},"loc":{"start":{"line":72,"column":36},"end":{"line":75,"column":5}},"line":72},"9":{"name":"(anonymous_9)","decl":{"start":{"line":77,"column":32},"end":{"line":77,"column":33}},"loc":{"start":{"line":77,"column":38},"end":{"line":79,"column":5}},"line":77},"10":{"name":"(anonymous_10)","decl":{"start":{"line":81,"column":34},"end":{"line":81,"column":35}},"loc":{"start":{"line":81,"column":43},"end":{"line":90,"column":5}},"line":81},"11":{"name":"(anonymous_11)","decl":{"start":{"line":92,"column":37},"end":{"line":92,"column":38}},"loc":{"start":{"line":92,"column":46},"end":{"line":102,"column":5}},"line":92},"12":{"name":"(anonymous_12)","decl":{"start":{"line":104,"column":42},"end":{"line":104,"column":43}},"loc":{"start":{"line":104,"column":51},"end":{"line":128,"column":5}},"line":104},"13":{"name":"(anonymous_13)","decl":{"start":{"line":109,"column":25},"end":{"line":109,"column":26}},"loc":{"start":{"line":109,"column":33},"end":{"line":116,"column":9}},"line":109},"14":{"name":"(anonymous_14)","decl":{"start":{"line":112,"column":61},"end":{"line":112,"column":62}},"loc":{"start":{"line":112,"column":72},"end":{"line":115,"column":11}},"line":112},"15":{"name":"(anonymous_15)","decl":{"start":{"line":130,"column":32},"end":{"line":130,"column":33}},"loc":{"start":{"line":130,"column":41},"end":{"line":149,"column":5}},"line":130},"16":{"name":"(anonymous_16)","decl":{"start":{"line":151,"column":31},"end":{"line":151,"column":32}},"loc":{"start":{"line":151,"column":40},"end":{"line":163,"column":5}},"line":151},"17":{"name":"(anonymous_17)","decl":{"start":{"line":165,"column":33},"end":{"line":165,"column":34}},"loc":{"start":{"line":165,"column":42},"end":{"line":186,"column":5}},"line":165},"18":{"name":"(anonymous_18)","decl":{"start":{"line":172,"column":31},"end":{"line":172,"column":32}},"loc":{"start":{"line":172,"column":42},"end":{"line":175,"column":7}},"line":172},"19":{"name":"(anonymous_19)","decl":{"start":{"line":202,"column":11},"end":{"line":202,"column":12}},"loc":{"start":{"line":202,"column":17},"end":{"line":215,"column":5}},"line":202}},"branchMap":{"0":{"loc":{"start":{"line":12,"column":2},"end":{"line":14,"column":3}},"type":"if","locations":[{"start":{"line":12,"column":2},"end":{"line":14,"column":3}},{"start":{"line":12,"column":2},"end":{"line":14,"column":3}}],"line":12},"1":{"loc":{"start":{"line":12,"column":6},"end":{"line":12,"column":29}},"type":"binary-expr","locations":[{"start":{"line":12,"column":6},"end":{"line":12,"column":14}},{"start":{"line":12,"column":18},"end":{"line":12,"column":29}}],"line":12},"2":{"loc":{"start":{"line":67,"column":6},"end":{"line":69,"column":7}},"type":"if","locations":[{"start":{"line":67,"column":6},"end":{"line":69,"column":7}},{"start":{"line":67,"column":6},"end":{"line":69,"column":7}}],"line":67},"3":{"loc":{"start":{"line":108,"column":6},"end":{"line":117,"column":7}},"type":"if","locations":[{"start":{"line":108,"column":6},"end":{"line":117,"column":7}},{"start":{"line":108,"column":6},"end":{"line":117,"column":7}}],"line":108}},"s":{"0":1,"1":12,"2":12,"3":11,"4":1,"5":1,"6":1,"7":8,"8":8,"9":8,"10":6,"11":6,"12":8,"13":5,"14":8,"15":8,"16":8,"17":8,"18":8,"19":3,"20":3,"21":0,"22":8,"23":2,"24":2,"25":8,"26":1,"27":8,"28":0,"29":8,"30":0,"31":8,"32":0,"33":0,"34":0,"35":0,"36":0,"37":0,"38":0,"39":0,"40":0,"41":0,"42":8,"43":0,"44":0,"45":0,"46":0,"47":0,"48":8,"49":0,"50":0,"51":0,"52":8,"53":0,"54":0,"55":0,"56":0,"57":0,"58":0,"59":0,"60":0,"61":8,"62":8,"63":8,"64":8,"65":8,"66":8,"67":8,"68":8,"69":8,"70":8,"71":8,"72":8,"73":8,"74":8,"75":8,"76":8,"77":8,"78":8,"79":8,"80":8,"81":8,"82":8,"83":8,"84":8,"85":8},"f":{"0":12,"1":1,"2":8,"3":8,"4":6,"5":5,"6":8,"7":3,"8":2,"9":1,"10":0,"11":0,"12":0,"13":0,"14":0,"15":0,"16":0,"17":0,"18":0,"19":8},"b":{"0":[11,1],"1":[12,1],"2":[0,3],"3":[0,0]},"_coverageSchema":"1a1c01bbd47fc00a2c39e90264f33305004495a9","hash":"ce0b9926323f198577a45f1fa42322a31409aa10"}
,"/Users/himmer/Code/dataSolutions/data-services-pwa-recs/lib/collector/hooks/useCustomUrl.js": {"path":"/Users/himmer/Code/dataSolutions/data-services-pwa-recs/lib/collector/hooks/useCustomUrl.js","statementMap":{"0":{"start":{"line":5,"column":21},"end":{"line":16,"column":1}},"1":{"start":{"line":6,"column":19},"end":{"line":6,"column":32}},"2":{"start":{"line":8,"column":2},"end":{"line":15,"column":17}},"3":{"start":{"line":9,"column":23},"end":{"line":9,"column":55}},"4":{"start":{"line":10,"column":22},"end":{"line":10,"column":42}},"5":{"start":{"line":11,"column":4},"end":{"line":14,"column":5}},"6":{"start":{"line":12,"column":6},"end":{"line":12,"column":46}},"7":{"start":{"line":13,"column":6},"end":{"line":13,"column":30}}},"fnMap":{"0":{"name":"(anonymous_0)","decl":{"start":{"line":5,"column":21},"end":{"line":5,"column":22}},"loc":{"start":{"line":5,"column":27},"end":{"line":16,"column":1}},"line":5},"1":{"name":"(anonymous_1)","decl":{"start":{"line":8,"column":12},"end":{"line":8,"column":13}},"loc":{"start":{"line":8,"column":18},"end":{"line":15,"column":3}},"line":8}},"branchMap":{"0":{"loc":{"start":{"line":9,"column":23},"end":{"line":9,"column":55}},"type":"binary-expr","locations":[{"start":{"line":9,"column":23},"end":{"line":9,"column":49}},{"start":{"line":9,"column":53},"end":{"line":9,"column":55}}],"line":9},"1":{"loc":{"start":{"line":11,"column":4},"end":{"line":14,"column":5}},"type":"if","locations":[{"start":{"line":11,"column":4},"end":{"line":14,"column":5}},{"start":{"line":11,"column":4},"end":{"line":14,"column":5}}],"line":11}},"s":{"0":1,"1":4,"2":4,"3":2,"4":2,"5":2,"6":2,"7":2},"f":{"0":4,"1":2},"b":{"0":[2,1],"1":[2,0]},"_coverageSchema":"1a1c01bbd47fc00a2c39e90264f33305004495a9","hash":"af220402f2d2d743fe7ce93d8f75597fd281e829"}
,"/Users/himmer/Code/dataSolutions/data-services-pwa-recs/lib/collector/hooks/useEventListener.js": {"path":"/Users/himmer/Code/dataSolutions/data-services-pwa-recs/lib/collector/hooks/useEventListener.js","statementMap":{"0":{"start":{"line":3,"column":25},"end":{"line":11,"column":1}},"1":{"start":{"line":4,"column":2},"end":{"line":10,"column":31}},"2":{"start":{"line":5,"column":4},"end":{"line":5,"column":44}},"3":{"start":{"line":7,"column":4},"end":{"line":9,"column":6}},"4":{"start":{"line":8,"column":6},"end":{"line":8,"column":49}}},"fnMap":{"0":{"name":"(anonymous_0)","decl":{"start":{"line":3,"column":25},"end":{"line":3,"column":26}},"loc":{"start":{"line":3,"column":53},"end":{"line":11,"column":1}},"line":3},"1":{"name":"(anonymous_1)","decl":{"start":{"line":4,"column":12},"end":{"line":4,"column":13}},"loc":{"start":{"line":4,"column":18},"end":{"line":10,"column":3}},"line":4},"2":{"name":"(anonymous_2)","decl":{"start":{"line":7,"column":11},"end":{"line":7,"column":12}},"loc":{"start":{"line":7,"column":17},"end":{"line":9,"column":5}},"line":7}},"branchMap":{},"s":{"0":4,"1":11,"2":11,"3":11,"4":11},"f":{"0":11,"1":11,"2":11},"b":{},"_coverageSchema":"1a1c01bbd47fc00a2c39e90264f33305004495a9","hash":"b7e68e96e80511fa402a7c2f4db2b11495bc17fa"}
,"/Users/himmer/Code/dataSolutions/data-services-pwa-recs/lib/collector/hooks/useGlobalSnowplowContexts.js": {"path":"/Users/himmer/Code/dataSolutions/data-services-pwa-recs/lib/collector/hooks/useGlobalSnowplowContexts.js","statementMap":{"0":{"start":{"line":11,"column":37},"end":{"line":14,"column":2}},"1":{"start":{"line":11,"column":44},"end":{"line":14,"column":1}},"2":{"start":{"line":16,"column":35},"end":{"line":19,"column":2}},"3":{"start":{"line":16,"column":42},"end":{"line":19,"column":1}},"4":{"start":{"line":21,"column":26},"end":{"line":24,"column":2}},"5":{"start":{"line":21,"column":33},"end":{"line":24,"column":1}},"6":{"start":{"line":26,"column":29},"end":{"line":38,"column":1}},"7":{"start":{"line":27,"column":2},"end":{"line":36,"column":3}},"8":{"start":{"line":28,"column":15},"end":{"line":28,"column":16}},"9":{"start":{"line":30,"column":4},"end":{"line":34,"column":5}},"10":{"start":{"line":31,"column":6},"end":{"line":31,"column":34}},"11":{"start":{"line":32,"column":6},"end":{"line":32,"column":39}},"12":{"start":{"line":33,"column":6},"end":{"line":33,"column":16}},"13":{"start":{"line":35,"column":4},"end":{"line":35,"column":26}},"14":{"start":{"line":37,"column":2},"end":{"line":37,"column":16}},"15":{"start":{"line":40,"column":31},"end":{"line":66,"column":1}},"16":{"start":{"line":41,"column":23},"end":{"line":41,"column":52}},"17":{"start":{"line":42,"column":28},"end":{"line":42,"column":30}},"18":{"start":{"line":44,"column":2},"end":{"line":61,"column":3}},"19":{"start":{"line":45,"column":4},"end":{"line":60,"column":6}},"20":{"start":{"line":51,"column":8},"end":{"line":58,"column":10}},"21":{"start":{"line":62,"column":2},"end":{"line":65,"column":4}},"22":{"start":{"line":68,"column":26},"end":{"line":151,"column":1}},"23":{"start":{"line":69,"column":28},"end":{"line":69,"column":66}},"24":{"start":{"line":70,"column":34},"end":{"line":70,"column":70}},"25":{"start":{"line":71,"column":25},"end":{"line":71,"column":52}},"26":{"start":{"line":72,"column":30},"end":{"line":72,"column":62}},"27":{"start":{"line":74,"column":2},"end":{"line":76,"column":9}},"28":{"start":{"line":75,"column":4},"end":{"line":75,"column":78}},"29":{"start":{"line":78,"column":2},"end":{"line":94,"column":9}},"30":{"start":{"line":79,"column":35},"end":{"line":87,"column":5}},"31":{"start":{"line":80,"column":6},"end":{"line":82,"column":9}},"32":{"start":{"line":83,"column":6},"end":{"line":83,"column":65}},"33":{"start":{"line":84,"column":6},"end":{"line":86,"column":9}},"34":{"start":{"line":88,"column":4},"end":{"line":90,"column":7}},"35":{"start":{"line":91,"column":4},"end":{"line":93,"column":6}},"36":{"start":{"line":92,"column":6},"end":{"line":92,"column":62}},"37":{"start":{"line":96,"column":2},"end":{"line":112,"column":9}},"38":{"start":{"line":97,"column":34},"end":{"line":105,"column":5}},"39":{"start":{"line":98,"column":6},"end":{"line":100,"column":9}},"40":{"start":{"line":101,"column":6},"end":{"line":101,"column":69}},"41":{"start":{"line":102,"column":6},"end":{"line":104,"column":9}},"42":{"start":{"line":106,"column":4},"end":{"line":108,"column":7}},"43":{"start":{"line":109,"column":4},"end":{"line":111,"column":6}},"44":{"start":{"line":110,"column":6},"end":{"line":110,"column":61}},"45":{"start":{"line":114,"column":2},"end":{"line":130,"column":9}},"46":{"start":{"line":115,"column":32},"end":{"line":123,"column":5}},"47":{"start":{"line":116,"column":6},"end":{"line":118,"column":9}},"48":{"start":{"line":119,"column":6},"end":{"line":119,"column":51}},"49":{"start":{"line":120,"column":6},"end":{"line":122,"column":9}},"50":{"start":{"line":124,"column":4},"end":{"line":126,"column":7}},"51":{"start":{"line":127,"column":4},"end":{"line":129,"column":6}},"52":{"start":{"line":128,"column":6},"end":{"line":128,"column":59}},"53":{"start":{"line":132,"column":2},"end":{"line":150,"column":9}},"54":{"start":{"line":133,"column":37},"end":{"line":143,"column":5}},"55":{"start":{"line":134,"column":6},"end":{"line":136,"column":9}},"56":{"start":{"line":137,"column":6},"end":{"line":137,"column":61}},"57":{"start":{"line":138,"column":6},"end":{"line":142,"column":7}},"58":{"start":{"line":139,"column":8},"end":{"line":141,"column":11}},"59":{"start":{"line":144,"column":4},"end":{"line":146,"column":7}},"60":{"start":{"line":147,"column":4},"end":{"line":149,"column":6}},"61":{"start":{"line":148,"column":6},"end":{"line":148,"column":64}}},"fnMap":{"0":{"name":"(anonymous_0)","decl":{"start":{"line":11,"column":37},"end":{"line":11,"column":38}},"loc":{"start":{"line":11,"column":44},"end":{"line":14,"column":1}},"line":11},"1":{"name":"(anonymous_1)","decl":{"start":{"line":16,"column":35},"end":{"line":16,"column":36}},"loc":{"start":{"line":16,"column":42},"end":{"line":19,"column":1}},"line":16},"2":{"name":"(anonymous_2)","decl":{"start":{"line":21,"column":26},"end":{"line":21,"column":27}},"loc":{"start":{"line":21,"column":33},"end":{"line":24,"column":1}},"line":21},"3":{"name":"(anonymous_3)","decl":{"start":{"line":26,"column":29},"end":{"line":26,"column":30}},"loc":{"start":{"line":26,"column":39},"end":{"line":38,"column":1}},"line":26},"4":{"name":"(anonymous_4)","decl":{"start":{"line":40,"column":31},"end":{"line":40,"column":32}},"loc":{"start":{"line":40,"column":37},"end":{"line":66,"column":1}},"line":40},"5":{"name":"(anonymous_5)","decl":{"start":{"line":50,"column":36},"end":{"line":50,"column":37}},"loc":{"start":{"line":50,"column":44},"end":{"line":59,"column":7}},"line":50},"6":{"name":"(anonymous_6)","decl":{"start":{"line":68,"column":26},"end":{"line":68,"column":27}},"loc":{"start":{"line":68,"column":32},"end":{"line":151,"column":1}},"line":68},"7":{"name":"(anonymous_7)","decl":{"start":{"line":74,"column":12},"end":{"line":74,"column":13}},"loc":{"start":{"line":74,"column":18},"end":{"line":76,"column":3}},"line":74},"8":{"name":"(anonymous_8)","decl":{"start":{"line":78,"column":12},"end":{"line":78,"column":13}},"loc":{"start":{"line":78,"column":18},"end":{"line":94,"column":3}},"line":78},"9":{"name":"(anonymous_9)","decl":{"start":{"line":79,"column":35},"end":{"line":79,"column":36}},"loc":{"start":{"line":79,"column":41},"end":{"line":87,"column":5}},"line":79},"10":{"name":"(anonymous_10)","decl":{"start":{"line":91,"column":11},"end":{"line":91,"column":12}},"loc":{"start":{"line":91,"column":17},"end":{"line":93,"column":5}},"line":91},"11":{"name":"(anonymous_11)","decl":{"start":{"line":96,"column":12},"end":{"line":96,"column":13}},"loc":{"start":{"line":96,"column":18},"end":{"line":112,"column":3}},"line":96},"12":{"name":"(anonymous_12)","decl":{"start":{"line":97,"column":34},"end":{"line":97,"column":35}},"loc":{"start":{"line":97,"column":40},"end":{"line":105,"column":5}},"line":97},"13":{"name":"(anonymous_13)","decl":{"start":{"line":109,"column":11},"end":{"line":109,"column":12}},"loc":{"start":{"line":109,"column":17},"end":{"line":111,"column":5}},"line":109},"14":{"name":"(anonymous_14)","decl":{"start":{"line":114,"column":12},"end":{"line":114,"column":13}},"loc":{"start":{"line":114,"column":18},"end":{"line":130,"column":3}},"line":114},"15":{"name":"(anonymous_15)","decl":{"start":{"line":115,"column":32},"end":{"line":115,"column":33}},"loc":{"start":{"line":115,"column":38},"end":{"line":123,"column":5}},"line":115},"16":{"name":"(anonymous_16)","decl":{"start":{"line":127,"column":11},"end":{"line":127,"column":12}},"loc":{"start":{"line":127,"column":17},"end":{"line":129,"column":5}},"line":127},"17":{"name":"(anonymous_17)","decl":{"start":{"line":132,"column":12},"end":{"line":132,"column":13}},"loc":{"start":{"line":132,"column":18},"end":{"line":150,"column":3}},"line":132},"18":{"name":"(anonymous_18)","decl":{"start":{"line":133,"column":37},"end":{"line":133,"column":38}},"loc":{"start":{"line":133,"column":43},"end":{"line":143,"column":5}},"line":133},"19":{"name":"(anonymous_19)","decl":{"start":{"line":147,"column":11},"end":{"line":147,"column":12}},"loc":{"start":{"line":147,"column":17},"end":{"line":149,"column":5}},"line":147}},"branchMap":{"0":{"loc":{"start":{"line":27,"column":2},"end":{"line":36,"column":3}},"type":"if","locations":[{"start":{"line":27,"column":2},"end":{"line":36,"column":3}},{"start":{"line":27,"column":2},"end":{"line":36,"column":3}}],"line":27},"1":{"loc":{"start":{"line":44,"column":2},"end":{"line":61,"column":3}},"type":"if","locations":[{"start":{"line":44,"column":2},"end":{"line":61,"column":3}},{"start":{"line":44,"column":2},"end":{"line":61,"column":3}}],"line":44},"2":{"loc":{"start":{"line":44,"column":6},"end":{"line":44,"column":52}},"type":"binary-expr","locations":[{"start":{"line":44,"column":6},"end":{"line":44,"column":18}},{"start":{"line":44,"column":22},"end":{"line":44,"column":52}}],"line":44},"3":{"loc":{"start":{"line":138,"column":6},"end":{"line":142,"column":7}},"type":"if","locations":[{"start":{"line":138,"column":6},"end":{"line":142,"column":7}},{"start":{"line":138,"column":6},"end":{"line":142,"column":7}}],"line":138}},"s":{"0":2,"1":3,"2":2,"3":3,"4":2,"5":3,"6":2,"7":1,"8":1,"9":1,"10":0,"11":0,"12":0,"13":1,"14":0,"15":2,"16":3,"17":3,"18":3,"19":1,"20":1,"21":3,"22":2,"23":1,"24":1,"25":1,"26":1,"27":1,"28":1,"29":1,"30":1,"31":2,"32":2,"33":2,"34":1,"35":1,"36":1,"37":1,"38":1,"39":2,"40":2,"41":2,"42":1,"43":1,"44":1,"45":1,"46":1,"47":2,"48":2,"49":2,"50":1,"51":1,"52":1,"53":1,"54":1,"55":2,"56":2,"57":2,"58":1,"59":1,"60":1,"61":1},"f":{"0":3,"1":3,"2":3,"3":1,"4":3,"5":1,"6":1,"7":1,"8":1,"9":2,"10":1,"11":1,"12":2,"13":1,"14":1,"15":2,"16":1,"17":1,"18":2,"19":1},"b":{"0":[1,0],"1":[1,2],"2":[3,1],"3":[1,1]},"_coverageSchema":"1a1c01bbd47fc00a2c39e90264f33305004495a9","hash":"6f964f15ea20e05d9f32f63720046784b6d988b0"}
,"/Users/himmer/Code/dataSolutions/data-services-pwa-recs/lib/collector/hooks/useLocation.js": {"path":"/Users/himmer/Code/dataSolutions/data-services-pwa-recs/lib/collector/hooks/useLocation.js","statementMap":{"0":{"start":{"line":5,"column":20},"end":{"line":19,"column":1}},"1":{"start":{"line":6,"column":25},"end":{"line":6,"column":44}},"2":{"start":{"line":7,"column":34},"end":{"line":7,"column":58}},"3":{"start":{"line":9,"column":2},"end":{"line":16,"column":42}},"4":{"start":{"line":13,"column":4},"end":{"line":15,"column":5}},"5":{"start":{"line":14,"column":6},"end":{"line":14,"column":34}},"6":{"start":{"line":18,"column":2},"end":{"line":18,"column":18}}},"fnMap":{"0":{"name":"(anonymous_0)","decl":{"start":{"line":5,"column":20},"end":{"line":5,"column":21}},"loc":{"start":{"line":5,"column":26},"end":{"line":19,"column":1}},"line":5},"1":{"name":"(anonymous_1)","decl":{"start":{"line":9,"column":12},"end":{"line":9,"column":13}},"loc":{"start":{"line":9,"column":18},"end":{"line":16,"column":3}},"line":9}},"branchMap":{"0":{"loc":{"start":{"line":13,"column":4},"end":{"line":15,"column":5}},"type":"if","locations":[{"start":{"line":13,"column":4},"end":{"line":15,"column":5}},{"start":{"line":13,"column":4},"end":{"line":15,"column":5}}],"line":13}},"s":{"0":6,"1":16,"2":16,"3":16,"4":15,"5":4,"6":16},"f":{"0":16,"1":15},"b":{"0":[4,9]},"_coverageSchema":"1a1c01bbd47fc00a2c39e90264f33305004495a9","hash":"66d375fedaa4d93542aabf25f2f19708bc01b7cc"}
,"/Users/himmer/Code/dataSolutions/data-services-pwa-recs/lib/collector/hooks/useMagentoExtensionContext.js": {"path":"/Users/himmer/Code/dataSolutions/data-services-pwa-recs/lib/collector/hooks/useMagentoExtensionContext.js","statementMap":{"0":{"start":{"line":6,"column":35},"end":{"line":27,"column":1}},"1":{"start":{"line":7,"column":26},"end":{"line":7,"column":65}},"2":{"start":{"line":9,"column":2},"end":{"line":15,"column":3}},"3":{"start":{"line":14,"column":4},"end":{"line":14,"column":68}},"4":{"start":{"line":17,"column":2},"end":{"line":26,"column":13}},"5":{"start":{"line":18,"column":34},"end":{"line":18,"column":38}},"6":{"start":{"line":19,"column":4},"end":{"line":24,"column":5}},"7":{"start":{"line":20,"column":6},"end":{"line":23,"column":8}},"8":{"start":{"line":25,"column":4},"end":{"line":25,"column":61}}},"fnMap":{"0":{"name":"(anonymous_0)","decl":{"start":{"line":6,"column":35},"end":{"line":6,"column":36}},"loc":{"start":{"line":6,"column":41},"end":{"line":27,"column":1}},"line":6},"1":{"name":"(anonymous_1)","decl":{"start":{"line":17,"column":12},"end":{"line":17,"column":13}},"loc":{"start":{"line":17,"column":18},"end":{"line":26,"column":3}},"line":17}},"branchMap":{"0":{"loc":{"start":{"line":9,"column":2},"end":{"line":15,"column":3}},"type":"if","locations":[{"start":{"line":9,"column":2},"end":{"line":15,"column":3}},{"start":{"line":9,"column":2},"end":{"line":15,"column":3}}],"line":9},"1":{"loc":{"start":{"line":10,"column":4},"end":{"line":12,"column":9}},"type":"binary-expr","locations":[{"start":{"line":10,"column":5},"end":{"line":10,"column":43}},{"start":{"line":11,"column":6},"end":{"line":11,"column":37}},{"start":{"line":12,"column":4},"end":{"line":12,"column":9}}],"line":10},"2":{"loc":{"start":{"line":19,"column":4},"end":{"line":24,"column":5}},"type":"if","locations":[{"start":{"line":19,"column":4},"end":{"line":24,"column":5}},{"start":{"line":19,"column":4},"end":{"line":24,"column":5}}],"line":19},"3":{"loc":{"start":{"line":19,"column":8},"end":{"line":19,"column":44}},"type":"binary-expr","locations":[{"start":{"line":19,"column":8},"end":{"line":19,"column":12}},{"start":{"line":19,"column":16},"end":{"line":19,"column":44}}],"line":19}},"s":{"0":1,"1":2,"2":2,"3":1,"4":2,"5":2,"6":2,"7":1,"8":2},"f":{"0":2,"1":2},"b":{"0":[1,1],"1":[2,2,2],"2":[1,1],"3":[2,1]},"_coverageSchema":"1a1c01bbd47fc00a2c39e90264f33305004495a9","hash":"caf717b8b4ef86241ecbd84f08b59dd3cffa53fb"}
,"/Users/himmer/Code/dataSolutions/data-services-pwa-recs/lib/collector/hooks/usePageHidden.js": {"path":"/Users/himmer/Code/dataSolutions/data-services-pwa-recs/lib/collector/hooks/usePageHidden.js","statementMap":{"0":{"start":{"line":4,"column":22},"end":{"line":15,"column":1}},"1":{"start":{"line":5,"column":2},"end":{"line":14,"column":18}},"2":{"start":{"line":6,"column":4},"end":{"line":13,"column":5}},"3":{"start":{"line":7,"column":26},"end":{"line":7,"column":60}},"4":{"start":{"line":8,"column":6},"end":{"line":11,"column":9}},"5":{"start":{"line":12,"column":6},"end":{"line":12,"column":45}}},"fnMap":{"0":{"name":"(anonymous_0)","decl":{"start":{"line":4,"column":22},"end":{"line":4,"column":23}},"loc":{"start":{"line":4,"column":35},"end":{"line":15,"column":1}},"line":4},"1":{"name":"(anonymous_1)","decl":{"start":{"line":5,"column":18},"end":{"line":5,"column":19}},"loc":{"start":{"line":5,"column":24},"end":{"line":14,"column":3}},"line":5}},"branchMap":{"0":{"loc":{"start":{"line":6,"column":4},"end":{"line":13,"column":5}},"type":"if","locations":[{"start":{"line":6,"column":4},"end":{"line":13,"column":5}},{"start":{"line":6,"column":4},"end":{"line":13,"column":5}}],"line":6}},"s":{"0":2,"1":2,"2":2,"3":1,"4":1,"5":1},"f":{"0":2,"1":2},"b":{"0":[1,1]},"_coverageSchema":"1a1c01bbd47fc00a2c39e90264f33305004495a9","hash":"48d3c4000775022fee727d5c3ee629a4c5895165"}
,"/Users/himmer/Code/dataSolutions/data-services-pwa-recs/lib/collector/hooks/usePageUnload.js": {"path":"/Users/himmer/Code/dataSolutions/data-services-pwa-recs/lib/collector/hooks/usePageUnload.js","statementMap":{"0":{"start":{"line":3,"column":22},"end":{"line":6,"column":1}},"1":{"start":{"line":5,"column":2},"end":{"line":5,"column":63}}},"fnMap":{"0":{"name":"(anonymous_0)","decl":{"start":{"line":3,"column":22},"end":{"line":3,"column":23}},"loc":{"start":{"line":3,"column":44},"end":{"line":6,"column":1}},"line":3}},"branchMap":{},"s":{"0":2,"1":1},"f":{"0":1},"b":{},"_coverageSchema":"1a1c01bbd47fc00a2c39e90264f33305004495a9","hash":"4573838c04029eeb07e8ec73a3aa75acff74ed96"}
,"/Users/himmer/Code/dataSolutions/data-services-pwa-recs/lib/collector/hooks/usePageView.js": {"path":"/Users/himmer/Code/dataSolutions/data-services-pwa-recs/lib/collector/hooks/usePageView.js","statementMap":{"0":{"start":{"line":5,"column":20},"end":{"line":11,"column":1}},"1":{"start":{"line":6,"column":19},"end":{"line":6,"column":32}},"2":{"start":{"line":8,"column":2},"end":{"line":10,"column":17}},"3":{"start":{"line":9,"column":4},"end":{"line":9,"column":27}}},"fnMap":{"0":{"name":"(anonymous_0)","decl":{"start":{"line":5,"column":20},"end":{"line":5,"column":21}},"loc":{"start":{"line":5,"column":26},"end":{"line":11,"column":1}},"line":5},"1":{"name":"(anonymous_1)","decl":{"start":{"line":8,"column":12},"end":{"line":8,"column":13}},"loc":{"start":{"line":8,"column":18},"end":{"line":10,"column":3}},"line":8}},"branchMap":{},"s":{"0":1,"1":4,"2":4,"3":2},"f":{"0":4,"1":2},"b":{},"_coverageSchema":"1a1c01bbd47fc00a2c39e90264f33305004495a9","hash":"dc6f4447bd257c274100b1bc7991b593835d886f"}
,"/Users/himmer/Code/dataSolutions/data-services-pwa-recs/lib/collector/hooks/usePageVisibility.js": {"path":"/Users/himmer/Code/dataSolutions/data-services-pwa-recs/lib/collector/hooks/usePageVisibility.js","statementMap":{"0":{"start":{"line":3,"column":29},"end":{"line":3,"column":73}},"1":{"start":{"line":3,"column":35},"end":{"line":3,"column":73}},"2":{"start":{"line":5,"column":26},"end":{"line":18,"column":1}},"3":{"start":{"line":6,"column":36},"end":{"line":6,"column":74}},"4":{"start":{"line":6,"column":51},"end":{"line":6,"column":73}},"5":{"start":{"line":8,"column":2},"end":{"line":15,"column":9}},"6":{"start":{"line":9,"column":35},"end":{"line":9,"column":77}},"7":{"start":{"line":9,"column":41},"end":{"line":9,"column":77}},"8":{"start":{"line":11,"column":4},"end":{"line":11,"column":74}},"9":{"start":{"line":12,"column":4},"end":{"line":14,"column":6}},"10":{"start":{"line":13,"column":6},"end":{"line":13,"column":79}},"11":{"start":{"line":17,"column":2},"end":{"line":17,"column":23}}},"fnMap":{"0":{"name":"(anonymous_0)","decl":{"start":{"line":3,"column":29},"end":{"line":3,"column":30}},"loc":{"start":{"line":3,"column":35},"end":{"line":3,"column":73}},"line":3},"1":{"name":"(anonymous_1)","decl":{"start":{"line":5,"column":26},"end":{"line":5,"column":27}},"loc":{"start":{"line":5,"column":32},"end":{"line":18,"column":1}},"line":5},"2":{"name":"(anonymous_2)","decl":{"start":{"line":6,"column":45},"end":{"line":6,"column":46}},"loc":{"start":{"line":6,"column":51},"end":{"line":6,"column":73}},"line":6},"3":{"name":"(anonymous_3)","decl":{"start":{"line":8,"column":12},"end":{"line":8,"column":13}},"loc":{"start":{"line":8,"column":18},"end":{"line":15,"column":3}},"line":8},"4":{"name":"(anonymous_4)","decl":{"start":{"line":9,"column":35},"end":{"line":9,"column":36}},"loc":{"start":{"line":9,"column":41},"end":{"line":9,"column":77}},"line":9},"5":{"name":"(anonymous_5)","decl":{"start":{"line":12,"column":11},"end":{"line":12,"column":12}},"loc":{"start":{"line":12,"column":17},"end":{"line":14,"column":5}},"line":12}},"branchMap":{},"s":{"0":2,"1":4,"2":2,"3":4,"4":3,"5":4,"6":3,"7":1,"8":3,"9":3,"10":3,"11":4},"f":{"0":4,"1":4,"2":3,"3":3,"4":1,"5":3},"b":{},"_coverageSchema":"1a1c01bbd47fc00a2c39e90264f33305004495a9","hash":"f66269c63d670a243d8d195834aca45615e5470f"}
,"/Users/himmer/Code/dataSolutions/data-services-pwa-recs/lib/collector/hooks/useReferrerUrl.js": {"path":"/Users/himmer/Code/dataSolutions/data-services-pwa-recs/lib/collector/hooks/useReferrerUrl.js","statementMap":{"0":{"start":{"line":5,"column":23},"end":{"line":30,"column":1}},"1":{"start":{"line":6,"column":19},"end":{"line":6,"column":32}},"2":{"start":{"line":7,"column":23},"end":{"line":7,"column":31}},"3":{"start":{"line":10,"column":2},"end":{"line":15,"column":9}},"4":{"start":{"line":11,"column":4},"end":{"line":14,"column":5}},"5":{"start":{"line":12,"column":6},"end":{"line":12,"column":69}},"6":{"start":{"line":13,"column":6},"end":{"line":13,"column":32}},"7":{"start":{"line":17,"column":2},"end":{"line":29,"column":17}},"8":{"start":{"line":18,"column":28},"end":{"line":18,"column":56}},"9":{"start":{"line":19,"column":24},"end":{"line":19,"column":69}},"10":{"start":{"line":20,"column":4},"end":{"line":27,"column":5}},"11":{"start":{"line":25,"column":6},"end":{"line":25,"column":50}},"12":{"start":{"line":26,"column":6},"end":{"line":26,"column":32}},"13":{"start":{"line":28,"column":4},"end":{"line":28,"column":45}}},"fnMap":{"0":{"name":"(anonymous_0)","decl":{"start":{"line":5,"column":23},"end":{"line":5,"column":24}},"loc":{"start":{"line":5,"column":29},"end":{"line":30,"column":1}},"line":5},"1":{"name":"(anonymous_1)","decl":{"start":{"line":10,"column":12},"end":{"line":10,"column":13}},"loc":{"start":{"line":10,"column":18},"end":{"line":15,"column":3}},"line":10},"2":{"name":"(anonymous_2)","decl":{"start":{"line":17,"column":12},"end":{"line":17,"column":13}},"loc":{"start":{"line":17,"column":18},"end":{"line":29,"column":3}},"line":17}},"branchMap":{"0":{"loc":{"start":{"line":11,"column":4},"end":{"line":14,"column":5}},"type":"if","locations":[{"start":{"line":11,"column":4},"end":{"line":14,"column":5}},{"start":{"line":11,"column":4},"end":{"line":14,"column":5}}],"line":11},"1":{"loc":{"start":{"line":20,"column":4},"end":{"line":27,"column":5}},"type":"if","locations":[{"start":{"line":20,"column":4},"end":{"line":27,"column":5}},{"start":{"line":20,"column":4},"end":{"line":27,"column":5}}],"line":20},"2":{"loc":{"start":{"line":21,"column":6},"end":{"line":23,"column":49}},"type":"binary-expr","locations":[{"start":{"line":21,"column":6},"end":{"line":21,"column":26}},{"start":{"line":22,"column":6},"end":{"line":22,"column":21}},{"start":{"line":23,"column":6},"end":{"line":23,"column":49}}],"line":21}},"s":{"0":1,"1":4,"2":4,"3":4,"4":1,"5":1,"6":1,"7":4,"8":2,"9":2,"10":2,"11":1,"12":1,"13":2},"f":{"0":4,"1":1,"2":2},"b":{"0":[1,0],"1":[1,1],"2":[2,1,1]},"_coverageSchema":"1a1c01bbd47fc00a2c39e90264f33305004495a9","hash":"5f45fa730bd7e17e1a45577197c37474aa6a5b9c"}
,"/Users/himmer/Code/dataSolutions/data-services-pwa-recs/lib/collector/hooks/useRouteChanged.js": {"path":"/Users/himmer/Code/dataSolutions/data-services-pwa-recs/lib/collector/hooks/useRouteChanged.js","statementMap":{"0":{"start":{"line":4,"column":24},"end":{"line":10,"column":1}},"1":{"start":{"line":5,"column":19},"end":{"line":5,"column":32}},"2":{"start":{"line":7,"column":2},"end":{"line":9,"column":37}},"3":{"start":{"line":8,"column":4},"end":{"line":8,"column":25}}},"fnMap":{"0":{"name":"(anonymous_0)","decl":{"start":{"line":4,"column":24},"end":{"line":4,"column":25}},"loc":{"start":{"line":4,"column":46},"end":{"line":10,"column":1}},"line":4},"1":{"name":"(anonymous_1)","decl":{"start":{"line":7,"column":18},"end":{"line":7,"column":19}},"loc":{"start":{"line":7,"column":24},"end":{"line":9,"column":3}},"line":7}},"branchMap":{},"s":{"0":2,"1":3,"2":3,"3":2},"f":{"0":3,"1":2},"b":{},"_coverageSchema":"1a1c01bbd47fc00a2c39e90264f33305004495a9","hash":"92e3f94c0f3528f30cfdc4125e1e0dbfbb0efaff"}
,"/Users/himmer/Code/dataSolutions/data-services-pwa-recs/lib/collector/hooks/useShopperContext.js": {"path":"/Users/himmer/Code/dataSolutions/data-services-pwa-recs/lib/collector/hooks/useShopperContext.js","statementMap":{"0":{"start":{"line":5,"column":26},"end":{"line":13,"column":1}},"1":{"start":{"line":6,"column":27},"end":{"line":6,"column":43}},"2":{"start":{"line":8,"column":2},"end":{"line":12,"column":19}},"3":{"start":{"line":9,"column":4},"end":{"line":11,"column":7}}},"fnMap":{"0":{"name":"(anonymous_0)","decl":{"start":{"line":5,"column":26},"end":{"line":5,"column":27}},"loc":{"start":{"line":5,"column":32},"end":{"line":13,"column":1}},"line":5},"1":{"name":"(anonymous_1)","decl":{"start":{"line":8,"column":12},"end":{"line":8,"column":13}},"loc":{"start":{"line":8,"column":18},"end":{"line":12,"column":3}},"line":8}},"branchMap":{"0":{"loc":{"start":{"line":10,"column":17},"end":{"line":10,"column":51}},"type":"cond-expr","locations":[{"start":{"line":10,"column":30},"end":{"line":10,"column":41}},{"start":{"line":10,"column":44},"end":{"line":10,"column":51}}],"line":10}},"s":{"0":1,"1":2,"2":2,"3":2},"f":{"0":2,"1":2},"b":{"0":[1,1]},"_coverageSchema":"1a1c01bbd47fc00a2c39e90264f33305004495a9","hash":"4dede26f4b4567b0742c028c30ab7ba80253ad45"}
,"/Users/himmer/Code/dataSolutions/data-services-pwa-recs/lib/collector/hooks/useStorefrontInstanceContext.js": {"path":"/Users/himmer/Code/dataSolutions/data-services-pwa-recs/lib/collector/hooks/useStorefrontInstanceContext.js","statementMap":{"0":{"start":{"line":6,"column":37},"end":{"line":38,"column":1}},"1":{"start":{"line":7,"column":26},"end":{"line":7,"column":58}},"2":{"start":{"line":9,"column":2},"end":{"line":14,"column":3}},"3":{"start":{"line":13,"column":4},"end":{"line":13,"column":78}},"4":{"start":{"line":16,"column":2},"end":{"line":37,"column":20}},"5":{"start":{"line":17,"column":36},"end":{"line":17,"column":40}},"6":{"start":{"line":18,"column":4},"end":{"line":35,"column":5}},"7":{"start":{"line":19,"column":56},"end":{"line":19,"column":60}},"8":{"start":{"line":20,"column":6},"end":{"line":34,"column":8}},"9":{"start":{"line":36,"column":4},"end":{"line":36,"column":65}}},"fnMap":{"0":{"name":"(anonymous_0)","decl":{"start":{"line":6,"column":37},"end":{"line":6,"column":38}},"loc":{"start":{"line":6,"column":43},"end":{"line":38,"column":1}},"line":6},"1":{"name":"(anonymous_1)","decl":{"start":{"line":16,"column":12},"end":{"line":16,"column":13}},"loc":{"start":{"line":16,"column":18},"end":{"line":37,"column":3}},"line":16}},"branchMap":{"0":{"loc":{"start":{"line":9,"column":2},"end":{"line":14,"column":3}},"type":"if","locations":[{"start":{"line":9,"column":2},"end":{"line":14,"column":3}},{"start":{"line":9,"column":2},"end":{"line":14,"column":3}}],"line":9},"1":{"loc":{"start":{"line":10,"column":4},"end":{"line":11,"column":79}},"type":"binary-expr","locations":[{"start":{"line":10,"column":4},"end":{"line":10,"column":9}},{"start":{"line":11,"column":5},"end":{"line":11,"column":43}},{"start":{"line":11,"column":47},"end":{"line":11,"column":78}}],"line":10},"2":{"loc":{"start":{"line":18,"column":4},"end":{"line":35,"column":5}},"type":"if","locations":[{"start":{"line":18,"column":4},"end":{"line":35,"column":5}},{"start":{"line":18,"column":4},"end":{"line":35,"column":5}}],"line":18},"3":{"loc":{"start":{"line":18,"column":8},"end":{"line":18,"column":46}},"type":"binary-expr","locations":[{"start":{"line":18,"column":8},"end":{"line":18,"column":12}},{"start":{"line":18,"column":16},"end":{"line":18,"column":46}}],"line":18}},"s":{"0":1,"1":2,"2":2,"3":1,"4":2,"5":2,"6":2,"7":1,"8":1,"9":2},"f":{"0":2,"1":2},"b":{"0":[1,1],"1":[2,1,1],"2":[1,1],"3":[2,1]},"_coverageSchema":"1a1c01bbd47fc00a2c39e90264f33305004495a9","hash":"bd055623e4fdfeb00de20756a35ff00fe052370c"}
,"/Users/himmer/Code/dataSolutions/data-services-pwa-recs/lib/collector/hooks/useViewedOffsets.js": {"path":"/Users/himmer/Code/dataSolutions/data-services-pwa-recs/lib/collector/hooks/useViewedOffsets.js","statementMap":{"0":{"start":{"line":4,"column":26},"end":{"line":5,"column":63}},"1":{"start":{"line":5,"column":2},"end":{"line":5,"column":63}},"2":{"start":{"line":7,"column":27},"end":{"line":8,"column":65}},"3":{"start":{"line":8,"column":2},"end":{"line":8,"column":65}},"4":{"start":{"line":10,"column":25},"end":{"line":72,"column":1}},"5":{"start":{"line":11,"column":32},"end":{"line":20,"column":4}},"6":{"start":{"line":12,"column":20},"end":{"line":12,"column":40}},"7":{"start":{"line":13,"column":20},"end":{"line":13,"column":39}},"8":{"start":{"line":14,"column":4},"end":{"line":19,"column":6}},"9":{"start":{"line":21,"column":29},"end":{"line":21,"column":34}},"10":{"start":{"line":25,"column":23},"end":{"line":50,"column":3}},"11":{"start":{"line":26,"column":4},"end":{"line":49,"column":5}},"12":{"start":{"line":27,"column":6},"end":{"line":47,"column":9}},"13":{"start":{"line":28,"column":27},"end":{"line":28,"column":47}},"14":{"start":{"line":29,"column":28},"end":{"line":29,"column":58}},"15":{"start":{"line":30,"column":26},"end":{"line":30,"column":45}},"16":{"start":{"line":31,"column":29},"end":{"line":31,"column":59}},"17":{"start":{"line":32,"column":27},"end":{"line":32,"column":41}},"18":{"start":{"line":33,"column":8},"end":{"line":35,"column":9}},"19":{"start":{"line":34,"column":10},"end":{"line":34,"column":46}},"20":{"start":{"line":36,"column":8},"end":{"line":38,"column":9}},"21":{"start":{"line":37,"column":10},"end":{"line":37,"column":45}},"22":{"start":{"line":39,"column":8},"end":{"line":41,"column":9}},"23":{"start":{"line":40,"column":10},"end":{"line":40,"column":47}},"24":{"start":{"line":42,"column":8},"end":{"line":44,"column":9}},"25":{"start":{"line":43,"column":10},"end":{"line":43,"column":44}},"26":{"start":{"line":45,"column":8},"end":{"line":45,"column":31}},"27":{"start":{"line":46,"column":8},"end":{"line":46,"column":37}},"28":{"start":{"line":48,"column":6},"end":{"line":48,"column":34}},"29":{"start":{"line":52,"column":2},"end":{"line":52,"column":51}},"30":{"start":{"line":53,"column":2},"end":{"line":53,"column":51}},"31":{"start":{"line":55,"column":29},"end":{"line":66,"column":8}},"32":{"start":{"line":56,"column":23},"end":{"line":56,"column":43}},"33":{"start":{"line":57,"column":24},"end":{"line":57,"column":54}},"34":{"start":{"line":58,"column":22},"end":{"line":58,"column":41}},"35":{"start":{"line":59,"column":25},"end":{"line":59,"column":55}},"36":{"start":{"line":60,"column":4},"end":{"line":65,"column":7}},"37":{"start":{"line":68,"column":2},"end":{"line":71,"column":4}}},"fnMap":{"0":{"name":"(anonymous_0)","decl":{"start":{"line":4,"column":26},"end":{"line":4,"column":27}},"loc":{"start":{"line":5,"column":2},"end":{"line":5,"column":63}},"line":5},"1":{"name":"(anonymous_1)","decl":{"start":{"line":7,"column":27},"end":{"line":7,"column":28}},"loc":{"start":{"line":8,"column":2},"end":{"line":8,"column":65}},"line":8},"2":{"name":"(anonymous_2)","decl":{"start":{"line":10,"column":25},"end":{"line":10,"column":26}},"loc":{"start":{"line":10,"column":31},"end":{"line":72,"column":1}},"line":10},"3":{"name":"(anonymous_3)","decl":{"start":{"line":11,"column":41},"end":{"line":11,"column":42}},"loc":{"start":{"line":11,"column":47},"end":{"line":20,"column":3}},"line":11},"4":{"name":"(anonymous_4)","decl":{"start":{"line":25,"column":23},"end":{"line":25,"column":24}},"loc":{"start":{"line":25,"column":29},"end":{"line":50,"column":3}},"line":25},"5":{"name":"(anonymous_5)","decl":{"start":{"line":27,"column":28},"end":{"line":27,"column":29}},"loc":{"start":{"line":27,"column":34},"end":{"line":47,"column":7}},"line":27},"6":{"name":"(anonymous_6)","decl":{"start":{"line":55,"column":41},"end":{"line":55,"column":42}},"loc":{"start":{"line":55,"column":47},"end":{"line":66,"column":3}},"line":55}},"branchMap":{"0":{"loc":{"start":{"line":5,"column":2},"end":{"line":5,"column":63}},"type":"binary-expr","locations":[{"start":{"line":5,"column":2},"end":{"line":5,"column":25}},{"start":{"line":5,"column":29},"end":{"line":5,"column":63}}],"line":5},"1":{"loc":{"start":{"line":8,"column":2},"end":{"line":8,"column":65}},"type":"binary-expr","locations":[{"start":{"line":8,"column":2},"end":{"line":8,"column":26}},{"start":{"line":8,"column":30},"end":{"line":8,"column":65}}],"line":8},"2":{"loc":{"start":{"line":26,"column":4},"end":{"line":49,"column":5}},"type":"if","locations":[{"start":{"line":26,"column":4},"end":{"line":49,"column":5}},{"start":{"line":26,"column":4},"end":{"line":49,"column":5}}],"line":26},"3":{"loc":{"start":{"line":33,"column":8},"end":{"line":35,"column":9}},"type":"if","locations":[{"start":{"line":33,"column":8},"end":{"line":35,"column":9}},{"start":{"line":33,"column":8},"end":{"line":35,"column":9}}],"line":33},"4":{"loc":{"start":{"line":36,"column":8},"end":{"line":38,"column":9}},"type":"if","locations":[{"start":{"line":36,"column":8},"end":{"line":38,"column":9}},{"start":{"line":36,"column":8},"end":{"line":38,"column":9}}],"line":36},"5":{"loc":{"start":{"line":39,"column":8},"end":{"line":41,"column":9}},"type":"if","locations":[{"start":{"line":39,"column":8},"end":{"line":41,"column":9}},{"start":{"line":39,"column":8},"end":{"line":41,"column":9}}],"line":39},"6":{"loc":{"start":{"line":42,"column":8},"end":{"line":44,"column":9}},"type":"if","locations":[{"start":{"line":42,"column":8},"end":{"line":44,"column":9}},{"start":{"line":42,"column":8},"end":{"line":44,"column":9}}],"line":42}},"s":{"0":2,"1":5,"2":2,"3":5,"4":2,"5":5,"6":2,"7":2,"8":2,"9":5,"10":5,"11":2,"12":2,"13":2,"14":2,"15":2,"16":2,"17":2,"18":2,"19":2,"20":2,"21":0,"22":2,"23":2,"24":2,"25":0,"26":2,"27":2,"28":2,"29":5,"30":5,"31":5,"32":1,"33":1,"34":1,"35":1,"36":1,"37":5},"f":{"0":5,"1":5,"2":5,"3":2,"4":2,"5":2,"6":1},"b":{"0":[5,3],"1":[5,3],"2":[2,0],"3":[2,0],"4":[0,2],"5":[2,0],"6":[0,2]},"_coverageSchema":"1a1c01bbd47fc00a2c39e90264f33305004495a9","hash":"10ecc1fdd87f8e9c50a4c21c9c0348e88bc648e1"}
,"/Users/himmer/Code/dataSolutions/data-services-pwa-recs/lib/collector/queries/getMagentoExtensionContext.graphql": {"path":"/Users/himmer/Code/dataSolutions/data-services-pwa-recs/lib/collector/queries/getMagentoExtensionContext.graphql","statementMap":{"0":{"start":{"line":2,"column":14},"end":{"line":2,"column":616}},"1":{"start":{"line":3,"column":4},"end":{"line":3,"column":235}},"2":{"start":{"line":6,"column":16},"end":{"line":6,"column":18}},"3":{"start":{"line":8,"column":6},"end":{"line":19,"column":7}},"4":{"start":{"line":10,"column":10},"end":{"line":10,"column":61}},"5":{"start":{"line":10,"column":49},"end":{"line":10,"column":61}},"6":{"start":{"line":11,"column":21},"end":{"line":11,"column":35}},"7":{"start":{"line":12,"column":10},"end":{"line":17,"column":11}},"8":{"start":{"line":13,"column":12},"end":{"line":13,"column":25}},"9":{"start":{"line":15,"column":12},"end":{"line":15,"column":31}},"10":{"start":{"line":16,"column":12},"end":{"line":16,"column":24}},"11":{"start":{"line":25,"column":6},"end":{"line":32,"column":7}},"12":{"start":{"line":26,"column":8},"end":{"line":26,"column":34}},"13":{"start":{"line":27,"column":13},"end":{"line":32,"column":7}},"14":{"start":{"line":28,"column":19},"end":{"line":28,"column":28}},"15":{"start":{"line":29,"column":8},"end":{"line":31,"column":9}},"16":{"start":{"line":30,"column":10},"end":{"line":30,"column":36}},"17":{"start":{"line":34,"column":6},"end":{"line":38,"column":7}},"18":{"start":{"line":35,"column":8},"end":{"line":37,"column":11}},"19":{"start":{"line":36,"column":10},"end":{"line":36,"column":53}},"20":{"start":{"line":40,"column":6},"end":{"line":44,"column":7}},"21":{"start":{"line":41,"column":8},"end":{"line":43,"column":11}},"22":{"start":{"line":42,"column":10},"end":{"line":42,"column":47}},"23":{"start":{"line":46,"column":6},"end":{"line":50,"column":7}},"24":{"start":{"line":47,"column":8},"end":{"line":49,"column":11}},"25":{"start":{"line":48,"column":10},"end":{"line":48,"column":47}},"26":{"start":{"line":53,"column":25},"end":{"line":53,"column":27}},"27":{"start":{"line":54,"column":4},"end":{"line":62,"column":9}},"28":{"start":{"line":55,"column":6},"end":{"line":61,"column":9}},"29":{"start":{"line":56,"column":8},"end":{"line":60,"column":9}},"30":{"start":{"line":57,"column":21},"end":{"line":57,"column":30}},"31":{"start":{"line":58,"column":10},"end":{"line":58,"column":47}},"32":{"start":{"line":59,"column":10},"end":{"line":59,"column":48}},"33":{"start":{"line":65,"column":6},"end":{"line":70,"column":7}},"34":{"start":{"line":65,"column":19},"end":{"line":65,"column":20}},"35":{"start":{"line":66,"column":22},"end":{"line":66,"column":40}},"36":{"start":{"line":67,"column":8},"end":{"line":69,"column":9}},"37":{"start":{"line":68,"column":10},"end":{"line":68,"column":25}},"38":{"start":{"line":75,"column":19},"end":{"line":78,"column":7}},"39":{"start":{"line":79,"column":6},"end":{"line":81,"column":7}},"40":{"start":{"line":80,"column":8},"end":{"line":80,"column":29}},"41":{"start":{"line":85,"column":19},"end":{"line":85,"column":61}},"42":{"start":{"line":86,"column":20},"end":{"line":86,"column":29}},"43":{"start":{"line":87,"column":20},"end":{"line":87,"column":29}},"44":{"start":{"line":90,"column":6},"end":{"line":92,"column":9}},"45":{"start":{"line":91,"column":8},"end":{"line":91,"column":29}},"46":{"start":{"line":94,"column":6},"end":{"line":107,"column":7}},"47":{"start":{"line":95,"column":23},"end":{"line":95,"column":30}},"48":{"start":{"line":96,"column":8},"end":{"line":96,"column":28}},"49":{"start":{"line":98,"column":8},"end":{"line":106,"column":11}},"50":{"start":{"line":99,"column":10},"end":{"line":105,"column":11}},"51":{"start":{"line":100,"column":12},"end":{"line":100,"column":33}},"52":{"start":{"line":101,"column":28},"end":{"line":101,"column":64}},"53":{"start":{"line":102,"column":12},"end":{"line":104,"column":15}},"54":{"start":{"line":103,"column":14},"end":{"line":103,"column":36}},"55":{"start":{"line":109,"column":6},"end":{"line":114,"column":9}},"56":{"start":{"line":110,"column":17},"end":{"line":110,"column":44}},"57":{"start":{"line":111,"column":8},"end":{"line":113,"column":9}},"58":{"start":{"line":112,"column":10},"end":{"line":112,"column":38}},"59":{"start":{"line":116,"column":6},"end":{"line":116,"column":20}},"60":{"start":{"line":119,"column":4},"end":{"line":119,"column":25}},"61":{"start":{"line":121,"column":8},"end":{"line":121,"column":93}}},"fnMap":{"0":{"name":"unique","decl":{"start":{"line":7,"column":13},"end":{"line":7,"column":19}},"loc":{"start":{"line":7,"column":26},"end":{"line":20,"column":5}},"line":7},"1":{"name":"(anonymous_1)","decl":{"start":{"line":9,"column":8},"end":{"line":9,"column":9}},"loc":{"start":{"line":9,"column":22},"end":{"line":18,"column":9}},"line":9},"2":{"name":"collectFragmentReferences","decl":{"start":{"line":24,"column":13},"end":{"line":24,"column":38}},"loc":{"start":{"line":24,"column":51},"end":{"line":51,"column":5}},"line":24},"3":{"name":"(anonymous_3)","decl":{"start":{"line":35,"column":45},"end":{"line":35,"column":46}},"loc":{"start":{"line":35,"column":65},"end":{"line":37,"column":9}},"line":35},"4":{"name":"(anonymous_4)","decl":{"start":{"line":41,"column":41},"end":{"line":41,"column":42}},"loc":{"start":{"line":41,"column":55},"end":{"line":43,"column":9}},"line":41},"5":{"name":"(anonymous_5)","decl":{"start":{"line":47,"column":33},"end":{"line":47,"column":34}},"loc":{"start":{"line":47,"column":47},"end":{"line":49,"column":9}},"line":47},"6":{"name":"extractReferences","decl":{"start":{"line":54,"column":14},"end":{"line":54,"column":31}},"loc":{"start":{"line":54,"column":34},"end":{"line":62,"column":5}},"line":54},"7":{"name":"(anonymous_7)","decl":{"start":{"line":55,"column":30},"end":{"line":55,"column":31}},"loc":{"start":{"line":55,"column":44},"end":{"line":61,"column":7}},"line":55},"8":{"name":"findOperation","decl":{"start":{"line":64,"column":13},"end":{"line":64,"column":26}},"loc":{"start":{"line":64,"column":38},"end":{"line":71,"column":5}},"line":64},"9":{"name":"oneQuery","decl":{"start":{"line":73,"column":13},"end":{"line":73,"column":21}},"loc":{"start":{"line":73,"column":42},"end":{"line":117,"column":5}},"line":73},"10":{"name":"(anonymous_10)","decl":{"start":{"line":90,"column":21},"end":{"line":90,"column":22}},"loc":{"start":{"line":90,"column":39},"end":{"line":92,"column":7}},"line":90},"11":{"name":"(anonymous_11)","decl":{"start":{"line":98,"column":25},"end":{"line":98,"column":26}},"loc":{"start":{"line":98,"column":43},"end":{"line":106,"column":9}},"line":98},"12":{"name":"(anonymous_12)","decl":{"start":{"line":102,"column":30},"end":{"line":102,"column":31}},"loc":{"start":{"line":102,"column":49},"end":{"line":104,"column":13}},"line":102},"13":{"name":"(anonymous_13)","decl":{"start":{"line":109,"column":22},"end":{"line":109,"column":23}},"loc":{"start":{"line":109,"column":40},"end":{"line":114,"column":7}},"line":109}},"branchMap":{"0":{"loc":{"start":{"line":10,"column":10},"end":{"line":10,"column":61}},"type":"if","locations":[{"start":{"line":10,"column":10},"end":{"line":10,"column":61}},{"start":{"line":10,"column":10},"end":{"line":10,"column":61}}],"line":10},"1":{"loc":{"start":{"line":12,"column":10},"end":{"line":17,"column":11}},"type":"if","locations":[{"start":{"line":12,"column":10},"end":{"line":17,"column":11}},{"start":{"line":12,"column":10},"end":{"line":17,"column":11}}],"line":12},"2":{"loc":{"start":{"line":25,"column":6},"end":{"line":32,"column":7}},"type":"if","locations":[{"start":{"line":25,"column":6},"end":{"line":32,"column":7}},{"start":{"line":25,"column":6},"end":{"line":32,"column":7}}],"line":25},"3":{"loc":{"start":{"line":27,"column":13},"end":{"line":32,"column":7}},"type":"if","locations":[{"start":{"line":27,"column":13},"end":{"line":32,"column":7}},{"start":{"line":27,"column":13},"end":{"line":32,"column":7}}],"line":27},"4":{"loc":{"start":{"line":29,"column":8},"end":{"line":31,"column":9}},"type":"if","locations":[{"start":{"line":29,"column":8},"end":{"line":31,"column":9}},{"start":{"line":29,"column":8},"end":{"line":31,"column":9}}],"line":29},"5":{"loc":{"start":{"line":34,"column":6},"end":{"line":38,"column":7}},"type":"if","locations":[{"start":{"line":34,"column":6},"end":{"line":38,"column":7}},{"start":{"line":34,"column":6},"end":{"line":38,"column":7}}],"line":34},"6":{"loc":{"start":{"line":40,"column":6},"end":{"line":44,"column":7}},"type":"if","locations":[{"start":{"line":40,"column":6},"end":{"line":44,"column":7}},{"start":{"line":40,"column":6},"end":{"line":44,"column":7}}],"line":40},"7":{"loc":{"start":{"line":46,"column":6},"end":{"line":50,"column":7}},"type":"if","locations":[{"start":{"line":46,"column":6},"end":{"line":50,"column":7}},{"start":{"line":46,"column":6},"end":{"line":50,"column":7}}],"line":46},"8":{"loc":{"start":{"line":56,"column":8},"end":{"line":60,"column":9}},"type":"if","locations":[{"start":{"line":56,"column":8},"end":{"line":60,"column":9}},{"start":{"line":56,"column":8},"end":{"line":60,"column":9}}],"line":56},"9":{"loc":{"start":{"line":67,"column":8},"end":{"line":69,"column":9}},"type":"if","locations":[{"start":{"line":67,"column":8},"end":{"line":69,"column":9}},{"start":{"line":67,"column":8},"end":{"line":69,"column":9}}],"line":67},"10":{"loc":{"start":{"line":67,"column":12},"end":{"line":67,"column":54}},"type":"binary-expr","locations":[{"start":{"line":67,"column":12},"end":{"line":67,"column":24}},{"start":{"line":67,"column":28},"end":{"line":67,"column":54}}],"line":67},"11":{"loc":{"start":{"line":79,"column":6},"end":{"line":81,"column":7}},"type":"if","locations":[{"start":{"line":79,"column":6},"end":{"line":81,"column":7}},{"start":{"line":79,"column":6},"end":{"line":81,"column":7}}],"line":79},"12":{"loc":{"start":{"line":85,"column":19},"end":{"line":85,"column":61}},"type":"binary-expr","locations":[{"start":{"line":85,"column":19},"end":{"line":85,"column":48}},{"start":{"line":85,"column":52},"end":{"line":85,"column":61}}],"line":85},"13":{"loc":{"start":{"line":99,"column":10},"end":{"line":105,"column":11}},"type":"if","locations":[{"start":{"line":99,"column":10},"end":{"line":105,"column":11}},{"start":{"line":99,"column":10},"end":{"line":105,"column":11}}],"line":99},"14":{"loc":{"start":{"line":101,"column":28},"end":{"line":101,"column":64}},"type":"binary-expr","locations":[{"start":{"line":101,"column":28},"end":{"line":101,"column":51}},{"start":{"line":101,"column":55},"end":{"line":101,"column":64}}],"line":101},"15":{"loc":{"start":{"line":111,"column":8},"end":{"line":113,"column":9}},"type":"if","locations":[{"start":{"line":111,"column":8},"end":{"line":113,"column":9}},{"start":{"line":111,"column":8},"end":{"line":113,"column":9}}],"line":111}},"s":{"0":1,"1":1,"2":1,"3":0,"4":0,"5":0,"6":0,"7":0,"8":0,"9":0,"10":0,"11":3,"12":0,"13":3,"14":0,"15":0,"16":0,"17":3,"18":2,"19":2,"20":3,"21":1,"22":0,"23":3,"24":0,"25":0,"26":1,"27":1,"28":1,"29":1,"30":1,"31":1,"32":1,"33":1,"34":1,"35":1,"36":1,"37":1,"38":1,"39":1,"40":1,"41":1,"42":1,"43":1,"44":1,"45":0,"46":1,"47":0,"48":0,"49":0,"50":0,"51":0,"52":0,"53":0,"54":0,"55":1,"56":0,"57":0,"58":0,"59":1,"60":1,"61":1},"f":{"0":0,"1":0,"2":3,"3":2,"4":0,"5":0,"6":1,"7":1,"8":1,"9":1,"10":0,"11":0,"12":0,"13":0},"b":{"0":[0,0],"1":[0,0],"2":[0,3],"3":[0,3],"4":[0,0],"5":[2,1],"6":[1,2],"7":[0,3],"8":[1,0],"9":[1,0],"10":[1,1],"11":[1,0],"12":[1,0],"13":[0,0],"14":[0,0],"15":[0,0]},"inputSourceMap":null,"_coverageSchema":"1a1c01bbd47fc00a2c39e90264f33305004495a9","hash":"658ede97b84f972b0989cb088fada919af503777"}
,"/Users/himmer/Code/dataSolutions/data-services-pwa-recs/lib/collector/queries/getStorefrontContext.graphql": {"path":"/Users/himmer/Code/dataSolutions/data-services-pwa-recs/lib/collector/queries/getStorefrontContext.graphql","statementMap":{"0":{"start":{"line":2,"column":14},"end":{"line":2,"column":1737}},"1":{"start":{"line":3,"column":4},"end":{"line":3,"column":444}},"2":{"start":{"line":6,"column":16},"end":{"line":6,"column":18}},"3":{"start":{"line":8,"column":6},"end":{"line":19,"column":7}},"4":{"start":{"line":10,"column":10},"end":{"line":10,"column":61}},"5":{"start":{"line":10,"column":49},"end":{"line":10,"column":61}},"6":{"start":{"line":11,"column":21},"end":{"line":11,"column":35}},"7":{"start":{"line":12,"column":10},"end":{"line":17,"column":11}},"8":{"start":{"line":13,"column":12},"end":{"line":13,"column":25}},"9":{"start":{"line":15,"column":12},"end":{"line":15,"column":31}},"10":{"start":{"line":16,"column":12},"end":{"line":16,"column":24}},"11":{"start":{"line":25,"column":6},"end":{"line":32,"column":7}},"12":{"start":{"line":26,"column":8},"end":{"line":26,"column":34}},"13":{"start":{"line":27,"column":13},"end":{"line":32,"column":7}},"14":{"start":{"line":28,"column":19},"end":{"line":28,"column":28}},"15":{"start":{"line":29,"column":8},"end":{"line":31,"column":9}},"16":{"start":{"line":30,"column":10},"end":{"line":30,"column":36}},"17":{"start":{"line":34,"column":6},"end":{"line":38,"column":7}},"18":{"start":{"line":35,"column":8},"end":{"line":37,"column":11}},"19":{"start":{"line":36,"column":10},"end":{"line":36,"column":53}},"20":{"start":{"line":40,"column":6},"end":{"line":44,"column":7}},"21":{"start":{"line":41,"column":8},"end":{"line":43,"column":11}},"22":{"start":{"line":42,"column":10},"end":{"line":42,"column":47}},"23":{"start":{"line":46,"column":6},"end":{"line":50,"column":7}},"24":{"start":{"line":47,"column":8},"end":{"line":49,"column":11}},"25":{"start":{"line":48,"column":10},"end":{"line":48,"column":47}},"26":{"start":{"line":53,"column":25},"end":{"line":53,"column":27}},"27":{"start":{"line":54,"column":4},"end":{"line":62,"column":9}},"28":{"start":{"line":55,"column":6},"end":{"line":61,"column":9}},"29":{"start":{"line":56,"column":8},"end":{"line":60,"column":9}},"30":{"start":{"line":57,"column":21},"end":{"line":57,"column":30}},"31":{"start":{"line":58,"column":10},"end":{"line":58,"column":47}},"32":{"start":{"line":59,"column":10},"end":{"line":59,"column":48}},"33":{"start":{"line":65,"column":6},"end":{"line":70,"column":7}},"34":{"start":{"line":65,"column":19},"end":{"line":65,"column":20}},"35":{"start":{"line":66,"column":22},"end":{"line":66,"column":40}},"36":{"start":{"line":67,"column":8},"end":{"line":69,"column":9}},"37":{"start":{"line":68,"column":10},"end":{"line":68,"column":25}},"38":{"start":{"line":75,"column":19},"end":{"line":78,"column":7}},"39":{"start":{"line":79,"column":6},"end":{"line":81,"column":7}},"40":{"start":{"line":80,"column":8},"end":{"line":80,"column":29}},"41":{"start":{"line":85,"column":19},"end":{"line":85,"column":61}},"42":{"start":{"line":86,"column":20},"end":{"line":86,"column":29}},"43":{"start":{"line":87,"column":20},"end":{"line":87,"column":29}},"44":{"start":{"line":90,"column":6},"end":{"line":92,"column":9}},"45":{"start":{"line":91,"column":8},"end":{"line":91,"column":29}},"46":{"start":{"line":94,"column":6},"end":{"line":107,"column":7}},"47":{"start":{"line":95,"column":23},"end":{"line":95,"column":30}},"48":{"start":{"line":96,"column":8},"end":{"line":96,"column":28}},"49":{"start":{"line":98,"column":8},"end":{"line":106,"column":11}},"50":{"start":{"line":99,"column":10},"end":{"line":105,"column":11}},"51":{"start":{"line":100,"column":12},"end":{"line":100,"column":33}},"52":{"start":{"line":101,"column":28},"end":{"line":101,"column":64}},"53":{"start":{"line":102,"column":12},"end":{"line":104,"column":15}},"54":{"start":{"line":103,"column":14},"end":{"line":103,"column":36}},"55":{"start":{"line":109,"column":6},"end":{"line":114,"column":9}},"56":{"start":{"line":110,"column":17},"end":{"line":110,"column":44}},"57":{"start":{"line":111,"column":8},"end":{"line":113,"column":9}},"58":{"start":{"line":112,"column":10},"end":{"line":112,"column":38}},"59":{"start":{"line":116,"column":6},"end":{"line":116,"column":20}},"60":{"start":{"line":119,"column":4},"end":{"line":119,"column":25}},"61":{"start":{"line":121,"column":8},"end":{"line":121,"column":81}}},"fnMap":{"0":{"name":"unique","decl":{"start":{"line":7,"column":13},"end":{"line":7,"column":19}},"loc":{"start":{"line":7,"column":26},"end":{"line":20,"column":5}},"line":7},"1":{"name":"(anonymous_1)","decl":{"start":{"line":9,"column":8},"end":{"line":9,"column":9}},"loc":{"start":{"line":9,"column":22},"end":{"line":18,"column":9}},"line":9},"2":{"name":"collectFragmentReferences","decl":{"start":{"line":24,"column":13},"end":{"line":24,"column":38}},"loc":{"start":{"line":24,"column":51},"end":{"line":51,"column":5}},"line":24},"3":{"name":"(anonymous_3)","decl":{"start":{"line":35,"column":45},"end":{"line":35,"column":46}},"loc":{"start":{"line":35,"column":65},"end":{"line":37,"column":9}},"line":35},"4":{"name":"(anonymous_4)","decl":{"start":{"line":41,"column":41},"end":{"line":41,"column":42}},"loc":{"start":{"line":41,"column":55},"end":{"line":43,"column":9}},"line":41},"5":{"name":"(anonymous_5)","decl":{"start":{"line":47,"column":33},"end":{"line":47,"column":34}},"loc":{"start":{"line":47,"column":47},"end":{"line":49,"column":9}},"line":47},"6":{"name":"extractReferences","decl":{"start":{"line":54,"column":14},"end":{"line":54,"column":31}},"loc":{"start":{"line":54,"column":34},"end":{"line":62,"column":5}},"line":54},"7":{"name":"(anonymous_7)","decl":{"start":{"line":55,"column":30},"end":{"line":55,"column":31}},"loc":{"start":{"line":55,"column":44},"end":{"line":61,"column":7}},"line":55},"8":{"name":"findOperation","decl":{"start":{"line":64,"column":13},"end":{"line":64,"column":26}},"loc":{"start":{"line":64,"column":38},"end":{"line":71,"column":5}},"line":64},"9":{"name":"oneQuery","decl":{"start":{"line":73,"column":13},"end":{"line":73,"column":
[...]
,"/Users/himmer/Code/dataSolutions/data-services-pwa-recs/lib/collector/wrappers/wrapUseCheckoutOverview.js": {"path":"/Users/himmer/Code/dataSolutions/data-services-pwa-recs/lib/collector/wrappers/wrapUseCheckoutOverview.js","statementMap":{"0":{"start":{"line":4,"column":32},"end":{"line":19,"column":1}},"1":{"start":{"line":5,"column":2},"end":{"line":18,"column":4}},"2":{"start":{"line":6,"column":16},"end":{"line":6,"column":46}},"3":{"start":{"line":7,"column":19},"end":{"line":7,"column":35}},"4":{"start":{"line":8,"column":19},"end":{"line":8,"column":30}},"5":{"start":{"line":9,"column":4},"end":{"line":17,"column":6}},"6":{"start":{"line":12,"column":28},"end":{"line":12,"column":57}},"7":{"start":{"line":13,"column":8},"end":{"line":13,"column":64}},"8":{"start":{"line":14,"column":8},"end":{"line":14,"column":39}},"9":{"start":{"line":15,"column":8},"end":{"line":15,"column":41}}},"fnMap":{"0":{"name":"(anonymous_0)","decl":{"start":{"line":4,"column":32},"end":{"line":4,"column":33}},"loc":{"start":{"line":4,"column":59},"end":{"line":19,"column":1}},"line":4},"1":{"name":"(anonymous_1)","decl":{"start":{"line":5,"column":9},"end":{"line":5,"column":10}},"loc":{"start":{"line":5,"column":25},"end":{"line":18,"column":3}},"line":5},"2":{"name":"(anonymous_2)","decl":{"start":{"line":11,"column":6},"end":{"line":11,"column":7}},"loc":{"start":{"line":11,"column":28},"end":{"line":16,"column":7}},"line":11}},"branchMap":{},"s":{"0":1,"1":1,"2":1,"3":1,"4":1,"5":1,"6":1,"7":1,"8":1,"9":1},"f":{"0":1,"1":1,"2":1},"b":{},"_coverageSchema":"1a1c01bbd47fc00a2c39e90264f33305004495a9","hash":"67d003c3712320ffaab432575aa8bdebea1fa559"}
,"/Users/himmer/Code/dataSolutions/data-services-pwa-recs/lib/collector/wrappers/wrapUseFlow.js": {"path":"/Users/himmer/Code/dataSolutions/data-services-pwa-recs/lib/collector/wrappers/wrapUseFlow.js","statementMap":{"0":{"start":{"line":4,"column":20},"end":{"line":19,"column":1}},"1":{"start":{"line":5,"column":2},"end":{"line":18,"column":4}},"2":{"start":{"line":6,"column":16},"end":{"line":6,"column":34}},"3":{"start":{"line":7,"column":19},"end":{"line":7,"column":35}},"4":{"start":{"line":8,"column":19},"end":{"line":8,"column":30}},"5":{"start":{"line":9,"column":4},"end":{"line":17,"column":6}},"6":{"start":{"line":12,"column":28},"end":{"line":12,"column":57}},"7":{"start":{"line":13,"column":8},"end":{"line":13,"column":64}},"8":{"start":{"line":14,"column":8},"end":{"line":14,"column":39}},"9":{"start":{"line":15,"column":8},"end":{"line":15,"column":48}}},"fnMap":{"0":{"name":"(anonymous_0)","decl":{"start":{"line":4,"column":20},"end":{"line":4,"column":21}},"loc":{"start":{"line":4,"column":35},"end":{"line":19,"column":1}},"line":4},"1":{"name":"(anonymous_1)","decl":{"start":{"line":5,"column":9},"end":{"line":5,"column":10}},"loc":{"start":{"line":5,"column":25},"end":{"line":18,"column":3}},"line":5},"2":{"name":"(anonymous_2)","decl":{"start":{"line":11,"column":6},"end":{"line":11,"column":7}},"loc":{"start":{"line":11,"column":35},"end":{"line":16,"column":7}},"line":11}},"branchMap":{},"s":{"0":1,"1":1,"2":1,"3":1,"4":1,"5":1,"6":1,"7":1,"8":1,"9":1},"f":{"0":1,"1":1,"2":1},"b":{},"_coverageSchema":"1a1c01bbd47fc00a2c39e90264f33305004495a9","hash":"4d920471874273f4ce571254aec01a037d67b90d"}
,"/Users/himmer/Code/dataSolutions/data-services-pwa-recs/lib/collector/wrappers/wrapUseMyAccount.js": {"path":"/Users/himmer/Code/dataSolutions/data-services-pwa-recs/lib/collector/wrappers/wrapUseMyAccount.js","statementMap":{"0":{"start":{"line":3,"column":25},"end":{"line":17,"column":1}},"1":{"start":{"line":4,"column":2},"end":{"line":16,"column":4}},"2":{"start":{"line":5,"column":16},"end":{"line":5,"column":39}},"3":{"start":{"line":6,"column":4},"end":{"line":15,"column":6}},"4":{"start":{"line":9,"column":8},"end":{"line":11,"column":11}},"5":{"start":{"line":12,"column":8},"end":{"line":12,"column":30}},"6":{"start":{"line":13,"column":8},"end":{"line":13,"column":42}}},"fnMap":{"0":{"name":"(anonymous_0)","decl":{"start":{"line":3,"column":25},"end":{"line":3,"column":26}},"loc":{"start":{"line":3,"column":45},"end":{"line":17,"column":1}},"line":3},"1":{"name":"(anonymous_1)","decl":{"start":{"line":4,"column":9},"end":{"line":4,"column":10}},"loc":{"start":{"line":4,"column":25},"end":{"line":16,"column":3}},"line":4},"2":{"name":"(anonymous_2)","decl":{"start":{"line":8,"column":6},"end":{"line":8,"column":7}},"loc":{"start":{"line":8,"column":29},"end":{"line":14,"column":7}},"line":8}},"branchMap":{},"s":{"0":1,"1":1,"2":1,"3":1,"4":1,"5":1,"6":1},"f":{"0":1,"1":1,"2":1},"b":{},"_coverageSchema":"1a1c01bbd47fc00a2c39e90264f33305004495a9","hash":"24bc2a3ab9de5a488ecd2abbf6383659893b1022"}
,"/Users/himmer/Code/dataSolutions/data-services-pwa-recs/lib/collector/wrappers/wrapUseProductFullDetail.js": {"path":"/Users/himmer/Code/dataSolutions/data-services-pwa-recs/lib/collector/wrappers/wrapUseProductFullDetail.js","statementMap":{"0":{"start":{"line":7,"column":33},"end":{"line":40,"column":1}},"1":{"start":{"line":8,"column":2},"end":{"line":39,"column":4}},"2":{"start":{"line":9,"column":22},"end":{"line":9,"column":69}},"3":{"start":{"line":11,"column":4},"end":{"line":17,"column":18}},"4":{"start":{"line":12,"column":6},"end":{"line":12,"column":38}},"5":{"start":{"line":13,"column":6},"end":{"line":13,"column":36}},"6":{"start":{"line":14,"column":6},"end":{"line":16,"column":8}},"7":{"start":{"line":15,"column":8},"end":{"line":15,"column":35}},"8":{"start":{"line":19,"column":16},"end":{"line":19,"column":47}},"9":{"start":{"line":21,"column":4},"end":{"line":38,"column":6}},"10":{"start":{"line":24,"column":33},"end":{"line":32,"column":9}},"11":{"start":{"line":33,"column":8},"end":{"line":33,"column":40}},"12":{"start":{"line":34,"column":8},"end":{"line":34,"column":48}},"13":{"start":{"line":35,"column":8},"end":{"line":35,"column":40}},"14":{"start":{"line":36,"column":8},"end":{"line":36,"column":33}},"15":{"start":{"line":44,"column":42},"end":{"line":55,"column":1}},"16":{"start":{"line":45,"column":2},"end":{"line":47,"column":3}},"17":{"start":{"line":46,"column":4},"end":{"line":46,"column":21}},"18":{"start":{"line":49,"column":34},"end":{"line":49,"column":43}},"19":{"start":{"line":50,"column":2},"end":{"line":52,"column":3}},"20":{"start":{"line":51,"column":4},"end":{"line":51,"column":57}},"21":{"start":{"line":54,"column":2},"end":{"line":54,"column":33}}},"fnMap":{"0":{"name":"(anonymous_0)","decl":{"start":{"line":7,"column":33},"end":{"line":7,"column":34}},"loc":{"start":{"line":7,"column":61},"end":{"line":40,"column":1}},"line":7},"1":{"name":"(anonymous_1)","decl":{"start":{"line":8,"column":9},"end":{"line":8,"column":10}},"loc":{"start":{"line":8,"column":26},"end":{"line":39,"column":3}},"line":8},"2":{"name":"(anonymous_2)","decl":{"start":{"line":11,"column":14},"end":{"line":11,"column":15}},"loc":{"start":{"line":11,"column":20},"end":{"line":17,"column":5}},"line":11},"3":{"name":"(anonymous_3)","decl":{"start":{"line":14,"column":13},"end":{"line":14,"column":14}},"loc":{"start":{"line":14,"column":19},"end":{"line":16,"column":7}},"line":14},"4":{"name":"(anonymous_4)","decl":{"start":{"line":23,"column":23},"end":{"line":23,"column":24}},"loc":{"start":{"line":23,"column":30},"end":{"line":37,"column":7}},"line":23},"5":{"name":"(anonymous_5)","decl":{"start":{"line":44,"column":42},"end":{"line":44,"column":43}},"loc":{"start":{"line":44,"column":53},"end":{"line":55,"column":1}},"line":44}},"branchMap":{"0":{"loc":{"start":{"line":45,"column":2},"end":{"line":47,"column":3}},"type":"if","locations":[{"start":{"line":45,"column":2},"end":{"line":47,"column":3}},{"start":{"line":45,"column":2},"end":{"line":47,"column":3}}],"line":45}},"s":{"0":1,"1":1,"2":1,"3":1,"4":1,"5":1,"6":1,"7":1,"8":1,"9":1,"10":0,"11":0,"12":0,"13":0,"14":0,"15":1,"16":0,"17":0,"18":0,"19":0,"20":0,"21":0},"f":{"0":1,"1":1,"2":1,"3":1,"4":0,"5":0},"b":{"0":[0,0]},"_coverageSchema":"1a1c01bbd47fc00a2c39e90264f33305004495a9","hash":"089b1c7bfcc9caf16513dfdc9c3893badabdffe1"}
,"/Users/himmer/Code/dataSolutions/data-services-pwa-recs/lib/collector/wrappers/wrapUseSignIn.js": {"path":"/Users/himmer/Code/dataSolutions/data-services-pwa-recs/lib/collector/wrappers/wrapUseSignIn.js","statementMap":{"0":{"start":{"line":3,"column":22},"end":{"line":17,"column":1}},"1":{"start":{"line":4,"column":2},"end":{"line":16,"column":4}},"2":{"start":{"line":5,"column":16},"end":{"line":5,"column":36}},"3":{"start":{"line":6,"column":4},"end":{"line":15,"column":6}},"4":{"start":{"line":9,"column":8},"end":{"line":11,"column":11}},"5":{"start":{"line":12,"column":8},"end":{"line":12,"column":29}},"6":{"start":{"line":13,"column":8},"end":{"line":13,"column":41}}},"fnMap":{"0":{"name":"(anonymous_0)","decl":{"start":{"line":3,"column":22},"end":{"line":3,"column":23}},"loc":{"start":{"line":3,"column":39},"end":{"line":17,"column":1}},"line":3},"1":{"name":"useSignIn","decl":{"start":{"line":4,"column":18},"end":{"line":4,"column":27}},"loc":{"start":{"line":4,"column":35},"end":{"line":16,"column":3}},"line":4},"2":{"name":"(anonymous_2)","decl":{"start":{"line":8,"column":6},"end":{"line":8,"column":7}},"loc":{"start":{"line":8,"column":28},"end":{"line":14,"column":7}},"line":8}},"branchMap":{},"s":{"0":1,"1":1,"2":1,"3":1,"4":1,"5":1,"6":1},"f":{"0":1,"1":1,"2":1},"b":{},"_coverageSchema":"1a1c01bbd47fc00a2c39e90264f33305004495a9","hash":"a94873463f8f6c4abb339edb60c39759b6752bba"}
,"/Users/himmer/Code/dataSolutions/data-services-pwa-recs/lib/recommendations/constants/index.js": {"path":"/Users/himmer/Code/dataSolutions/data-services-pwa-recs/lib/recommendations/constants/index.js","statementMap":{},"fnMap":{},"branchMap":{},"s":{},"f":{},"b":{},"_coverageSchema":"1a1c01bbd47fc00a2c39e90264f33305004495a9","hash":"f409706fe9b1b007a2c4e605a246c64e1340b475"}
,"/Users/himmer/Code/dataSolutions/data-services-pwa-recs/lib/recommendations/constants/localStorageConstants.js": {"path":"/Users/himmer/Code/dataSolutions/data-services-pwa-recs/lib/recommendations/constants/localStorageConstants.js","statementMap":{"0":{"start":{"line":1,"column":37},"end":{"line":1,"column":65}},"1":{"start":{"line":2,"column":36},"end":{"line":2,"column":57}},"2":{"start":{"line":3,"column":33},"end":{"line":3,"column":42}}},"fnMap":{},"branchMap":{},"s":{"0":1,"1":1,"2":1},"f":{},"b":{},"_coverageSchema":"1a1c01bbd47fc00a2c39e90264f33305004495a9","hash":"667f9167b031cb284b5cbefa9888e467c595519e"}
,"/Users/himmer/Code/dataSolutions/data-services-pwa-recs/lib/recommendations/constants/pageTypes.js": {"path":"/Users/himmer/Code/dataSolutions/data-services-pwa-recs/lib/recommendations/constants/pageTypes.js","statementMap":{"0":{"start":{"line":1,"column":19},"end":{"line":1,"column":24}},"1":{"start":{"line":2,"column":20},"end":{"line":2,"column":26}},"2":{"start":{"line":3,"column":24},"end":{"line":3,"column":34}},"3":{"start":{"line":4,"column":23},"end":{"line":4,"column":32}},"4":{"start":{"line":5,"column":24},"end":{"line":5,"column":34}},"5":{"start":{"line":6,"column":27},"end":{"line":6,"column":40}},"6":{"start":{"line":8,"column":25},"end":{"line":8,"column":78}}},"fnMap":{},"branchMap":{},"s":{"0":1,"1":1,"2":1,"3":1,"4":1,"5":1,"6":1},"f":{},"b":{},"_coverageSchema":"1a1c01bbd47fc00a2c39e90264f33305004495a9","hash":"2c091dc5d151621cc839fe27e570fcec9ff73a50"}
,"/Users/himmer/Code/dataSolutions/data-services-pwa-recs/lib/recommendations/hooks/useRecsData.js": {"path":"/Users/himmer/Code/dataSolutions/data-services-pwa-recs/lib/recommendations/hooks/useRecsData.js","statementMap":{"0":{"start":{"line":6,"column":20},"end":{"line":80,"column":1}},"1":{"start":{"line":7,"column":26},"end":{"line":7,"column":40}},"2":{"start":{"line":8,"column":36},"end":{"line":8,"column":51}},"3":{"start":{"line":9,"column":28},"end":{"line":9,"column":42}},"4":{"start":{"line":11,"column":2},"end":{"line":27,"column":3}},"5":{"start":{"line":16,"column":4},"end":{"line":18,"column":6}},"6":{"start":{"line":19,"column":9},"end":{"line":27,"column":3}},"7":{"start":{"line":20,"column":4},"end":{"line":26,"column":6}},"8":{"start":{"line":28,"column":23},"end":{"line":28,"column":28}},"9":{"start":{"line":29,"column":28},"end":{"line":29,"column":63}},"10":{"start":{"line":30,"column":18},"end":{"line":30,"column":42}},"11":{"start":{"line":32,"column":2},"end":{"line":77,"column":58}},"12":{"start":{"line":33,"column":22},"end":{"line":64,"column":5}},"13":{"start":{"line":34,"column":25},"end":{"line":34,"column":59}},"14":{"start":{"line":36,"column":21},"end":{"line":36,"column":58}},"15":{"start":{"line":39,"column":6},"end":{"line":41,"column":7}},"16":{"start":{"line":40,"column":8},"end":{"line":40,"column":33}},"17":{"start":{"line":43,"column":25},"end":{"line":46,"column":7}},"18":{"start":{"line":49,"column":6},"end":{"line":57,"column":7}},"19":{"start":{"line":50,"column":8},"end":{"line":50,"column":27}},"20":{"start":{"line":51,"column":8},"end":{"line":51,"column":50}},"21":{"start":{"line":52,"column":8},"end":{"line":52,"column":58}},"22":{"start":{"line":54,"column":8},"end":{"line":54,"column":25}},"23":{"start":{"line":55,"column":8},"end":{"line":55,"column":28}},"24":{"start":{"line":56,"column":8},"end":{"line":56,"column":20}},"25":{"start":{"line":58,"column":6},"end":{"line":63,"column":7}},"26":{"start":{"line":59,"column":25},"end":{"line":59,"column":28}},"27":{"start":{"line":60,"column":8},"end":{"line":60,"column":69}},"28":{"start":{"line":61,"column":8},"end":{"line":61,"column":28}},"29":{"start":{"line":62,"column":8},"end":{"line":62,"column":22}},"30":{"start":{"line":65,"column":4},"end":{"line":76,"column":5}},"31":{"start":{"line":75,"column":6},"end":{"line":75,"column":18}},"32":{"start":{"line":79,"column":2},"end":{"line":79,"column":42}}},"fnMap":{"0":{"name":"(anonymous_0)","decl":{"start":{"line":6,"column":20},"end":{"line":6,"column":21}},"loc":{"start":{"line":6,"column":29},"end":{"line":80,"column":1}},"line":6},"1":{"name":"(anonymous_1)","decl":{"start":{"line":32,"column":12},"end":{"line":32,"column":13}},"loc":{"start":{"line":32,"column":18},"end":{"line":77,"column":3}},"line":32},"2":{"name":"(anonymous_2)","decl":{"start":{"line":33,"column":22},"end":{"line":33,"column":23}},"loc":{"start":{"line":33,"column":34},"end":{"line":64,"column":5}},"line":33}},"branchMap":{"0":{"loc":{"start":{"line":11,"column":2},"end":{"line":27,"column":3}},"type":"if","locations":[{"start":{"line":11,"column":2},"end":{"line":27,"column":3}},{"start":{"line":11,"column":2},"end":{"line":27,"column":3}}],"line":11},"1":{"loc":{"start":{"line":12,"column":4},"end":{"line":14,"column":31}},"type":"binary-expr","locations":[{"start":{"line":12,"column":5},"end":{"line":12,"column":43}},{"start":{"line":13,"column":6},"end":{"line":13,"column":37}},{"start":{"line":14,"column":5},"end":{"line":14,"column":11}},{"start":{"line":14,"column":15},"end":{"line":14,"column":30}}],"line":12},"2":{"loc":{"start":{"line":19,"column":9},"end":{"line":27,"column":3}},"type":"if","locations":[{"start":{"line":19,"column":9},"end":{"line":27,"column":3}},{"start":{"line":19,"column":9},"end":{"line":27,"column":3}}],"line":19},"3":{"loc":{"start":{"line":19,"column":13},"end":{"line":19,"column":66}},"type":"binary-expr","locations":[{"start":{"line":19,"column":13},"end":{"line":19,"column":27}},{"start":{"line":19,"column":31},"end":{"line":19,"column":66}}],"line":19},"4":{"loc":{"start":{"line":39,"column":6},"end":{"line":41,"column":7}},"type":"if","locations":[{"start":{"line":39,"column":6},"end":{"line":41,"column":7}},{"start":{"line":39,"column":6},"end":{"line":41,"column":7}}],"line":39},"5":{"loc":{"start":{"line":58,"column":6},"end":{"line":63,"column":7}},"type":"if","locations":[{"start":{"line":58,"column":6},"end":{"line":63,"column":7}},{"start":{"line":58,"column":6},"end":{"line":63,"column":7}}],"line":58},"6":{"loc":{"start":{"line":65,"column":4},"end":{"line":76,"column":5}},"type":"if","locations":[{"start":{"line":65,"column":4},"end":{"line":76,"column":5}},{"start":{"line":65,"column":4},"end":{"line":76,"column":5}}],"line":65},"7":{"loc":{"start":{"line":66,"column":6},"end":{"line":73,"column":29}},"type":"binary-expr","locations":[{"start":{"line":66,"column":6},"end":{"line":66,"column":11}},{"start":{"line":67,"column":6},"end":{"line":67,"column":34}},{"start":{"line":68,"column":6},"end":{"line":68,"column":37}},{"start":{"line":69,"column":6},"end":{"line":69,"column":37}},{"start":{"line":70,"column":8},"end":{"line":70,"column":28}},{"start":{"line":71,"column":8},"end":{"line":71,"column":29}},{"start":{"line":72,"column":8},"end":{"line":72,"column":33}},{"start":{"line":73,"column":8},"end":{"line":73,"column":28}}],"line":66}},"s":{"0":1,"1":9,"2":9,"3":9,"4":9,"5":1,"6":8,"7":1,"8":7,"9":7,"10":7,"11":7,"12":5,"13":3,"14":3,"15":3,"16":0,"17":3,"18":3,"19":3,"20":3,"21":3,"22":0,"23":0,"24":0,"25":3,"26":3,"27":3,"28":3,"29":3,"30":5,"31":3,"32":7},"f":{"0":9,"1":5,"2":3},"b":{"0":[1,8],"1":[9,9,9,8],"2":[1,7],"3":[8,8],"4":[0,3],"5":[3,0],"6":[3,2],"7":[5,3,3,3,3,0,0,3]},"_coverageSchema":"1a1c01bbd47fc00a2c39e90264f33305004495a9","hash":"72013b287880dc85137c8b3bcb4a369acaa97f7d"}
,"/Users/himmer/Code/dataSolutions/data-services-pwa-recs/test/mocks.js": {"path":"/Users/himmer/Code/dataSolutions/data-services-pwa-recs/test/mocks.js","statementMap":{"0":{"start":{"line":1,"column":38},"end":{"line":4,"column":2}},"1":{"start":{"line":1,"column":52},"end":{"line":4,"column":1}},"2":{"start":{"line":6,"column":49},"end":{"line":24,"column":2}},"3":{"start":{"line":6,"column":63},"end":{"line":24,"column":1}},"4":{"start":{"line":26,"column":47},"end":{"line":29,"column":2}},"5":{"start":{"line":26,"column":61},"end":{"line":29,"column":1}},"6":{"start":{"line":31,"column":38},"end":{"line":145,"column":2}},"7":{"start":{"line":31,"column":52},"end":{"line":145,"column":1}},"8":{"start":{"line":147,"column":36},"end":{"line":178,"column":2}},"9":{"start":{"line":147,"column":50},"end":{"line":178,"column":1}},"10":{"start":{"line":180,"column":33},"end":{"line":347,"column":1}},"11":{"start":{"line":349,"column":27},"end":{"line":2365,"column":1}},"12":{"start":{"line":2366,"column":36},"end":{"line":2480,"column":1}}},"fnMap":{"0":{"name":"(anonymous_0)","decl":{"start":{"line":1,"column":38},"end":{"line":1,"column":39}},"loc":{"start":{"line":1,"column":52},"end":{"line":4,"column":1}},"line":1},"1":{"name":"(anonymous_1)","decl":{"start":{"line":6,"column":49},"end":{"line":6,"column":50}},"loc":{"start":{"line":6,"column":63},"end":{"line":24,"column":1}},"line":6},"2":{"name":"(anonymous_2)","decl":{"start":{"line":26,"column":47},"end":{"line":26,"column":48}},"loc":{"start":{"line":26,"column":61},"end":{"line":29,"column":1}},"line":26},"3":{"name":"(anonymous_3)","decl":{"start":{"line":31,"column":38},"end":{"line":31,"column":39}},"loc":{"start":{"line":31,"column":52},"end":{"line":145,"column":1}},"line":31},"4":{"name":"(anonymous_4)","decl":{"start":{"line":147,"column":36},"end":{"line":147,"column":37}},"loc":{"start":{"line":147,"column":50},"end":{"line":178,"column":1}},"line":147}},"branchMap":{},"s":{"0":5,"1":1,"2":5,"3":1,"4":5,"5":1,"6":5,"7":1,"8":5,"9":1,"10":5,"11":5,"12":5},"f":{"0":1,"1":1,"2":1,"3":1,"4":1},"b":{},"_coverageSchema":"1a1c01bbd47fc00a2c39e90264f33305004495a9","hash":"1e9220be53a71ce19648db4a084ece8f5b655c7b"}
}
