TN:
SF:lib/collector/collectors/useActivitySummaryCollector.js
FN:10,(anonymous_0)
FN:15,(anonymous_1)
FNF:2
FNH:1
FNDA:1,(anonymous_0)
FNDA:0,(anonymous_1)
DA:10,1
DA:11,1
DA:12,1
DA:13,1
DA:15,1
DA:17,0
DA:18,0
DA:23,0
DA:24,0
DA:27,1
DA:28,1
DA:29,1
DA:30,1
LF:13
LH:9
BRF:0
BRH:0
end_of_record
TN:
SF:lib/collector/collectors/useCollector.js
FN:9,(anonymous_0)
FN:10,(anonymous_1)
FNF:2
FNH:0
FNDA:0,(anonymous_0)
FNDA:0,(anonymous_1)
DA:7,1
DA:9,1
DA:10,0
DA:11,0
DA:13,0
DA:42,0
DA:43,0
DA:46,0
LF:8
LH:2
BRDA:21,0,0,0
BRDA:21,0,1,0
BRF:2
BRH:0
end_of_record
TN:
SF:lib/collector/constants/collectorEvents.js
FNF:0
FNH:0
DA:1,2
DA:2,2
DA:3,2
DA:4,2
DA:5,2
DA:6,2
LF:6
LH:6
BRF:0
BRH:0
end_of_record
TN:
SF:lib/collector/constants/contextSchemas.js
FNF:0
FNH:0
DA:2,2
DA:4,2
DA:6,2
DA:8,2
DA:10,2
DA:12,2
DA:14,2
DA:16,2
DA:18,2
LF:9
LH:9
BRF:0
BRH:0
end_of_record
TN:
SF:lib/collector/constants/dataLayerContexts.js
FNF:0
FNH:0
DA:1,2
DA:2,2
DA:3,2
LF:3
LH:3
BRF:0
BRH:0
end_of_record
TN:
SF:lib/collector/constants/index.js
FNF:0
FNH:0
LF:0
LH:0
BRF:0
BRH:0
end_of_record
TN:
SF:lib/collector/constants/localStorageConstants.js
FNF:0
FNH:0
DA:1,2
LF:1
LH:1
BRF:0
BRH:0
end_of_record
TN:
SF:lib/collector/contexts/index.js
FNF:0
FNH:0
LF:0
LH:0
BRF:0
BRH:0
end_of_record
TN:
SF:lib/collector/contexts/item.js
FN:2,(anonymous_0)
FNF:1
FNH:0
FNDA:0,(anonymous_0)
DA:2,1
DA:3,0
DA:39,0
LF:3
LH:1
BRDA:12,0,0,0
BRDA:12,0,1,0
BRDA:16,1,0,0
BRDA:16,1,1,0
BRDA:16,2,0,0
BRDA:16,2,1,0
BRDA:16,2,2,0
BRDA:20,3,0,0
BRDA:20,3,1,0
BRDA:20,4,0,0
BRDA:20,4,1,0
BRDA:20,4,2,0
BRDA:26,5,0,0
BRDA:26,5,1,0
BRDA:26,6,0,0
BRDA:26,6,1,0
BRDA:26,6,2,0
BRDA:30,7,0,0
BRDA:30,7,1,0
BRDA:30,8,0,0
BRDA:30,8,1,0
BRDA:30,8,2,0
BRF:22
BRH:0
end_of_record
TN:
SF:lib/collector/contexts/unit.js
FN:3,(anonymous_0)
FNF:1
FNH:0
FNDA:0,(anonymous_0)
DA:3,1
DA:5,0
DA:20,0
LF:3
LH:1
BRF:0
BRH:0
end_of_record
TN:
SF:lib/collector/hooks/useActivitySummaryInterval.js
FN:7,(anonymous_0)
FN:9,(anonymous_1)
FN:21,(anonymous_2)
FN:26,(anonymous_3)
FN:30,(anonymous_4)
FN:31,tick
FN:35,(anonymous_6)
FNF:7
FNH:7
FNDA:3,(anonymous_0)
FNDA:3,(anonymous_1)
FNDA:2,(anonymous_2)
FNDA:2,(anonymous_3)
FNDA:3,(anonymous_4)
FNDA:3,tick
FNDA:3,(anonymous_6)
DA:5,2
DA:7,2
DA:8,3
DA:9,3
DA:10,3
DA:11,3
DA:19,3
DA:21,3
DA:23,2
DA:26,3
DA:27,2
DA:30,3
DA:32,3
DA:34,3
DA:35,3
LF:15
LH:15
BRDA:23,0,0,1
BRDA:23,0,1,1
BRF:2
BRH:2
end_of_record
TN:
SF:lib/collector/hooks/useCreateDataLayerEventHandlers.js
FN:9,(anonymous_0)
FN:23,(anonymous_1)
FN:30,(anonymous_2)
FN:33,(anonymous_3)
FN:34,(anonymous_4)
FN:46,(anonymous_5)
FN:57,(anonymous_6)
FN:65,(anonymous_7)
FN:72,(anonymous_8)
FN:77,(anonymous_9)
FN:81,(anonymous_10)
FN:92,(anonymous_11)
FN:104,(anonymous_12)
FN:109,(anonymous_13)
FN:112,(anonymous_14)
FN:130,(anonymous_15)
FN:151,(anonymous_16)
FN:165,(anonymous_17)
FN:172,(anonymous_18)
FN:202,(anonymous_19)
FNF:20
FNH:11
FNDA:12,(anonymous_0)
FNDA:1,(anonymous_1)
FNDA:8,(anonymous_2)
FNDA:8,(anonymous_3)
FNDA:6,(anonymous_4)
FNDA:5,(anonymous_5)
FNDA:8,(anonymous_6)
FNDA:3,(anonymous_7)
FNDA:2,(anonymous_8)
FNDA:1,(anonymous_9)
FNDA:0,(anonymous_10)
FNDA:0,(anonymous_11)
FNDA:0,(anonymous_12)
FNDA:0,(anonymous_13)
FNDA:0,(anonymous_14)
FNDA:0,(anonymous_15)
FNDA:0,(anonymous_16)
FNDA:0,(anonymous_17)
FNDA:0,(anonymous_18)
FNDA:8,(anonymous_19)
DA:9,1
DA:10,12
DA:12,12
DA:13,11
DA:16,1
DA:23,1
DA:30,1
DA:31,8
DA:33,8
DA:34,8
DA:35,6
DA:36,6
DA:46,8
DA:47,5
DA:57,8
DA:58,8
DA:59,8
DA:63,8
DA:65,8
DA:66,3
DA:67,3
DA:68,0
DA:72,8
DA:73,2
DA:74,2
DA:77,8
DA:78,1
DA:81,8
DA:82,0
DA:92,8
DA:93,0
DA:104,8
DA:105,0
DA:106,0
DA:108,0
DA:109,0
DA:110,0
DA:111,0
DA:112,0
DA:113,0
DA:114,0
DA:119,0
DA:130,8
DA:134,0
DA:136,0
DA:137,0
DA:138,0
DA:140,0
DA:151,8
DA:152,0
DA:153,0
DA:154,0
DA:165,8
DA:166,0
DA:167,0
DA:169,0
DA:170,0
DA:172,0
DA:173,0
DA:174,0
DA:177,0
DA:188,8
DA:189,8
DA:190,8
DA:193,8
DA:194,8
DA:195,8
DA:196,8
DA:197,8
DA:198,8
DA:199,8
DA:200,8
DA:201,8
DA:202,8
DA:203,8
DA:204,8
DA:205,8
DA:206,8
DA:207,8
DA:208,8
DA:209,8
DA:210,8
DA:211,8
DA:212,8
DA:213,8
DA:214,8
LF:86
LH:57
BRDA:12,0,0,11
BRDA:12,0,1,1
BRDA:12,1,0,12
BRDA:12,1,1,1
BRDA:67,2,0,0
BRDA:67,2,1,3
BRDA:108,3,0,0
BRDA:108,3,1,0
BRF:8
BRH:5
end_of_record
TN:
SF:lib/collector/hooks/useCustomUrl.js
FN:5,(anonymous_0)
FN:8,(anonymous_1)
FNF:2
FNH:2
FNDA:4,(anonymous_0)
FNDA:2,(anonymous_1)
DA:5,1
DA:6,4
DA:8,4
DA:9,2
DA:10,2
DA:11,2
DA:12,2
DA:13,2
LF:8
LH:8
BRDA:9,0,0,2
BRDA:9,0,1,1
BRDA:11,1,0,2
BRDA:11,1,1,0
BRF:4
BRH:3
end_of_record
TN:
SF:lib/collector/hooks/useEventListener.js
FN:3,(anonymous_0)
FN:4,(anonymous_1)
FN:7,(anonymous_2)
FNF:3
FNH:3
FNDA:11,(anonymous_0)
FNDA:11,(anonymous_1)
FNDA:11,(anonymous_2)
DA:3,4
DA:4,11
DA:5,11
DA:7,11
DA:8,11
LF:5
LH:5
BRF:0
BRH:0
end_of_record
TN:
SF:lib/collector/hooks/useGlobalSnowplowContexts.js
FN:11,(anonymous_0)
FN:16,(anonymous_1)
FN:21,(anonymous_2)
FN:26,(anonymous_3)
FN:40,(anonymous_4)
FN:50,(anonymous_5)
FN:68,(anonymous_6)
FN:74,(anonymous_7)
FN:78,(anonymous_8)
FN:79,(anonymous_9)
FN:91,(anonymous_10)
FN:96,(anonymous_11)
FN:97,(anonymous_12)
FN:109,(anonymous_13)
FN:114,(anonymous_14)
FN:115,(anonymous_15)
FN:127,(anonymous_16)
FN:132,(anonymous_17)
FN:133,(anonymous_18)
FN:147,(anonymous_19)
FNF:20
FNH:20
FNDA:3,(anonymous_0)
FNDA:3,(anonymous_1)
FNDA:3,(anonymous_2)
FNDA:1,(anonymous_3)
FNDA:3,(anonymous_4)
FNDA:1,(anonymous_5)
FNDA:1,(anonymous_6)
FNDA:1,(anonymous_7)
FNDA:1,(anonymous_8)
FNDA:2,(anonymous_9)
FNDA:1,(anonymous_10)
FNDA:1,(anonymous_11)
FNDA:2,(anonymous_12)
FNDA:1,(anonymous_13)
FNDA:1,(anonymous_14)
FNDA:2,(anonymous_15)
FNDA:1,(anonymous_16)
FNDA:1,(anonymous_17)
FNDA:2,(anonymous_18)
FNDA:1,(anonymous_19)
DA:11,3
DA:16,3
DA:21,3
DA:26,2
DA:27,1
DA:28,1
DA:30,1
DA:31,0
DA:32,0
DA:33,0
DA:35,1
DA:37,0
DA:40,2
DA:41,3
DA:42,3
DA:44,3
DA:45,1
DA:51,1
DA:62,3
DA:68,2
DA:69,1
DA:70,1
DA:71,1
DA:72,1
DA:74,1
DA:75,1
DA:78,1
DA:79,1
DA:80,2
DA:83,2
DA:84,2
DA:88,1
DA:91,1
DA:92,1
DA:96,1
DA:97,1
DA:98,2
DA:101,2
DA:102,2
DA:106,1
DA:109,1
DA:110,1
DA:114,1
DA:115,1
DA:116,2
DA:119,2
DA:120,2
DA:124,1
DA:127,1
DA:128,1
DA:132,1
DA:133,1
DA:134,2
DA:137,2
DA:138,2
DA:139,1
DA:144,1
DA:147,1
DA:148,1
LF:59
LH:55
BRDA:27,0,0,1
BRDA:27,0,1,0
BRDA:44,1,0,1
BRDA:44,1,1,2
BRDA:44,2,0,3
BRDA:44,2,1,1
BRDA:138,3,0,1
BRDA:138,3,1,1
BRF:8
BRH:7
end_of_record
TN:
SF:lib/collector/hooks/useLocation.js
FN:5,(anonymous_0)
FN:9,(anonymous_1)
FNF:2
FNH:2
FNDA:16,(anonymous_0)
FNDA:15,(anonymous_1)
DA:5,6
DA:6,16
DA:7,16
DA:9,16
DA:13,15
DA:14,4
DA:18,16
LF:7
LH:7
BRDA:13,0,0,4
BRDA:13,0,1,9
BRF:2
BRH:2
end_of_record
TN:
SF:lib/collector/hooks/useMagentoExtensionContext.js
FN:6,(anonymous_0)
FN:17,(anonymous_1)
FNF:2
FNH:2
FNDA:2,(anonymous_0)
FNDA:2,(anonymous_1)
DA:6,1
DA:7,2
DA:9,2
DA:14,1
DA:17,2
DA:18,2
DA:19,2
DA:20,1
DA:25,2
LF:9
LH:9
BRDA:9,0,0,1
BRDA:9,0,1,1
BRDA:10,1,0,2
BRDA:10,1,1,2
BRDA:10,1,2,2
BRDA:19,2,0,1
BRDA:19,2,1,1
BRDA:19,3,0,2
BRDA:19,3,1,1
BRF:9
BRH:9
end_of_record
TN:
SF:lib/collector/hooks/usePageHidden.js
FN:4,(anonymous_0)
FN:5,(anonymous_1)
FNF:2
FNH:2
FNDA:2,(anonymous_0)
FNDA:2,(anonymous_1)
DA:4,2
DA:5,2
DA:6,2
DA:7,1
DA:8,1
DA:12,1
LF:6
LH:6
BRDA:6,0,0,1
BRDA:6,0,1,1
BRF:2
BRH:2
end_of_record
TN:
SF:lib/collector/hooks/usePageUnload.js
FN:3,(anonymous_0)
FNF:1
FNH:1
FNDA:1,(anonymous_0)
DA:3,2
DA:5,1
LF:2
LH:2
BRF:0
BRH:0
end_of_record
TN:
SF:lib/collector/hooks/usePageView.js
FN:5,(anonymous_0)
FN:8,(anonymous_1)
FNF:2
FNH:2
FNDA:4,(anonymous_0)
FNDA:2,(anonymous_1)
DA:5,1
DA:6,4
DA:8,4
DA:9,2
LF:4
LH:4
BRF:0
BRH:0
end_of_record
TN:
SF:lib/collector/hooks/usePageVisibility.js
FN:3,(anonymous_0)
FN:5,(anonymous_1)
FN:6,(anonymous_2)
FN:8,(anonymous_3)
FN:9,(anonymous_4)
FN:12,(anonymous_5)
FNF:6
FNH:6
FNDA:4,(anonymous_0)
FNDA:4,(anonymous_1)
FNDA:3,(anonymous_2)
FNDA:3,(anonymous_3)
FNDA:1,(anonymous_4)
FNDA:3,(anonymous_5)
DA:3,4
DA:5,2
DA:6,4
DA:8,4
DA:9,3
DA:11,3
DA:12,3
DA:13,3
DA:17,4
LF:9
LH:9
BRF:0
BRH:0
end_of_record
TN:
SF:lib/collector/hooks/useReferrerUrl.js
FN:5,(anonymous_0)
FN:10,(anonymous_1)
FN:17,(anonymous_2)
FNF:3
FNH:3
FNDA:4,(anonymous_0)
FNDA:1,(anonymous_1)
FNDA:2,(anonymous_2)
DA:5,1
DA:6,4
DA:7,4
DA:10,4
DA:11,1
DA:12,1
DA:13,1
DA:17,4
DA:18,2
DA:19,2
DA:20,2
DA:25,1
DA:26,1
DA:28,2
LF:14
LH:14
BRDA:11,0,0,1
BRDA:11,0,1,0
BRDA:20,1,0,1
BRDA:20,1,1,1
BRDA:21,2,0,2
BRDA:21,2,1,1
BRDA:21,2,2,1
BRF:7
BRH:6
end_of_record
TN:
SF:lib/collector/hooks/useRouteChanged.js
FN:4,(anonymous_0)
FN:7,(anonymous_1)
FNF:2
FNH:2
FNDA:3,(anonymous_0)
FNDA:2,(anonymous_1)
DA:4,2
DA:5,3
DA:7,3
DA:8,2
LF:4
LH:4
BRF:0
BRH:0
end_of_record
TN:
SF:lib/collector/hooks/useShopperContext.js
FN:5,(anonymous_0)
FN:8,(anonymous_1)
FNF:2
FNH:2
FNDA:2,(anonymous_0)
FNDA:2,(anonymous_1)
DA:5,1
DA:6,2
DA:8,2
DA:9,2
LF:4
LH:4
BRDA:10,0,0,1
BRDA:10,0,1,1
BRF:2
BRH:2
end_of_record
TN:
SF:lib/collector/hooks/useStorefrontInstanceContext.js
FN:6,(anonymous_0)
FN:16,(anonymous_1)
FNF:2
FNH:2
FNDA:2,(anonymous_0)
FNDA:2,(anonymous_1)
DA:6,1
DA:7,2
DA:9,2
DA:13,1
DA:16,2
DA:17,2
DA:18,2
DA:19,1
DA:20,1
DA:36,2
LF:10
LH:10
BRDA:9,0,0,1
BRDA:9,0,1,1
BRDA:10,1,0,2
BRDA:10,1,1,1
BRDA:10,1,2,1
BRDA:18,2,0,1
BRDA:18,2,1,1
BRDA:18,3,0,2
BRDA:18,3,1,1
BRF:9
BRH:9
end_of_record
TN:
SF:lib/collector/hooks/useViewedOffsets.js
FN:4,(anonymous_0)
FN:7,(anonymous_1)
FN:10,(anonymous_2)
FN:11,(anonymous_3)
FN:25,(anonymous_4)
FN:27,(anonymous_5)
FN:55,(anonymous_6)
FNF:7
FNH:7
FNDA:5,(anonymous_0)
FNDA:5,(anonymous_1)
FNDA:5,(anonymous_2)
FNDA:2,(anonymous_3)
FNDA:2,(anonymous_4)
FNDA:2,(anonymous_5)
FNDA:1,(anonymous_6)
DA:4,2
DA:5,5
DA:7,2
DA:8,5
DA:10,2
DA:11,5
DA:12,2
DA:13,2
DA:14,2
DA:21,5
DA:25,5
DA:26,2
DA:27,2
DA:28,2
DA:29,2
DA:30,2
DA:31,2
DA:32,2
DA:33,2
DA:34,2
DA:36,2
DA:37,0
DA:39,2
DA:40,2
DA:42,2
DA:43,0
DA:45,2
DA:46,2
DA:48,2
DA:52,5
DA:53,5
DA:55,5
DA:56,1
DA:57,1
DA:58,1
DA:59,1
DA:60,1
DA:68,5
LF:38
LH:36
BRDA:5,0,0,5
BRDA:5,0,1,3
BRDA:8,1,0,5
BRDA:8,1,1,3
BRDA:26,2,0,2
BRDA:26,2,1,0
BRDA:33,3,0,2
BRDA:33,3,1,0
BRDA:36,4,0,0
BRDA:36,4,1,2
BRDA:39,5,0,2
BRDA:39,5,1,0
BRDA:42,6,0,0
BRDA:42,6,1,2
BRF:14
BRH:9
end_of_record
TN:
SF:lib/collector/queries/getMagentoExtensionContext.graphql
FN:7,unique
FN:9,(anonymous_1)
FN:24,collectFragmentReferences
FN:35,(anonymous_3)
FN:41,(anonymous_4)
FN:47,(anonymous_5)
FN:54,extractReferences
FN:55,(anonymous_7)
FN:64,findOperation
FN:73,oneQuery
FN:90,(anonymous_10)
FN:98,(anonymous_11)
FN:102,(anonymous_12)
FN:109,(anonymous_13)
FNF:14
FNH:6
FNDA:0,unique
FNDA:0,(anonymous_1)
FNDA:3,collectFragmentReferences
FNDA:2,(anonymous_3)
FNDA:0,(anonymous_4)
FNDA:0,(anonymous_5)
FNDA:1,extractReferences
FNDA:1,(anonymous_7)
FNDA:1,findOperation
FNDA:1,oneQuery
FNDA:0,(anonymous_10)
FNDA:0,(anonymous_11)
FNDA:0,(anonymous_12)
FNDA:0,(anonymous_13)
DA:2,1
DA:3,1
DA:6,1
DA:8,0
DA:10,0
DA:11,0
DA:12,0
DA:13,0
DA:15,0
DA:16,0
DA:25,3
DA:26,0
DA:27,3
DA:28,0
DA:29,0
DA:30,0
DA:34,3
DA:35,2
DA:36,2
DA:40,3
DA:41,1
DA:42,0
DA:46,3
DA:47,0
DA:48,0
DA:53,1
DA:54,1
DA:55,1
DA:56,1
DA:57,1
DA:58,1
DA:59,1
DA:65,1
DA:66,1
DA:67,1
DA:68,1
DA:75,1
DA:79,1
DA:80,1
DA:85,1
DA:86,1
DA:87,1
DA:90,1
DA:91,0
DA:94,1
DA:95,0
DA:96,0
DA:98,0
DA:99,0
DA:100,0
DA:101,0
DA:102,0
DA:103,0
DA:109,1
DA:110,0
DA:111,0
DA:112,0
DA:116,1
DA:119,1
DA:121,1
LF:60
LH:34
BRDA:10,0,0,0
BRDA:10,0,1,0
BRDA:12,1,0,0
BRDA:12,1,1,0
BRDA:25,2,0,0
BRDA:25,2,1,3
BRDA:27,3,0,0
BRDA:27,3,1,3
BRDA:29,4,0,0
BRDA:29,4,1,0
BRDA:34,5,0,2
BRDA:34,5,1,1
BRDA:40,6,0,1
BRDA:40,6,1,2
BRDA:46,7,0,0
BRDA:46,7,1,3
BRDA:56,8,0,1
BRDA:56,8,1,0
BRDA:67,9,0,1
BRDA:67,9,1,0
BRDA:67,10,0,1
BRDA:67,10,1,1
BRDA:79,11,0,1
BRDA:79,11,1,0
BRDA:85,12,0,1
BRDA:85,12,1,0
BRDA:99,13,0,0
BRDA:99,13,1,0
BRDA:101,14,0,0
BRDA:101,14,1,0
BRDA:111,15,0,0
BRDA:111,15,1,0
BRF:32
BRH:13
end_of_record
TN:
SF:lib/collector/queries/getStorefrontContext.graphql
FN:7,unique
FN:9,(anonymous_1)
FN:24,collectFragmentReferences
FN:35,(anonymous_3)
FN:41,(anonymous_4)
FN:47,(anonymous_5)
FN:54,extractReferences
FN:55,(anonymous_7)
FN:64,findOperation
FN:73,oneQuery
FN:90,(anonymous_10)
FN:98,(anonymous_11)
FN:102,(anonymous_12)
FN:109,(anonymous_13)
FNF:14
FNH:6
FNDA:0,unique
FNDA:0,(anonymous_1)
FNDA:15,collectFragmentReferences
FNDA:14,(anonymous_3)
FNDA:0,(anonymous_4)
FNDA:0,(anonymous_5)
FNDA:1,extractReferences
FNDA:1,(anonymous_7)
FNDA:1,findOperation
FNDA:1,oneQuery
FNDA:0,(anonymous_10)
FNDA:0,(anonymous_11)
FNDA:0,(anonymous_12)
FNDA:0,(anonymous_13)
DA:2,1
DA:3,1
DA:6,1
DA:8,0
DA:10,0
DA:11,0
DA:12,0
DA:13,0
DA:15,0
DA:16,0
DA:25,15
DA:26,0
DA:27,15
DA:28,0
DA:29,0
DA:30,0
DA:34,15
DA:35,2
DA:36,14
DA:40,15
DA:41,1
DA:42,0
DA:46,15
DA:47,0
DA:48,0
DA:53,1
DA:54,1
DA:55,1
DA:56,1
DA:57,1
DA:58,1
DA:59,1
DA:65,1
DA:66,1
DA:67,1
DA:68,1
DA:75,1
DA:79,1
DA:80,1
DA:85,1
DA:86,1
DA:87,1
DA:90,1
DA:91,0
DA:94,1
DA:95,0
DA:96,0
DA:98,0
DA:99,0
DA:100,0
DA:101,0
DA:102,0
DA:103,0
DA:109,1
DA:110,0
DA:111,0
DA:112,0
DA:116,1
DA:119,1
DA:121,1
LF:60
LH:34
BRDA:10,0,0,0
BRDA:10,0,1,0
BRDA:12,1,0,0
BRDA:12,1,1,0
BRDA:25,2,0,0
BRDA:25,2,1,15
BRDA:27,3,0,0
BRDA:27,3,1,15
BRDA:29,4,0,0
BRDA:29,4,1,0
BRDA:34,5,0,2
BRDA:34,5,1,13
BRDA:40,6,0,1
BRDA:40,6,1,14
BRDA:46,7,0,0
BRDA:46,7,1,15
BRDA:56,8,0,1
BRDA:56,8,1,0
BRDA:67,9,0,1
BRDA:67,9,1,0
BRDA:67,10,0,1
BRDA:67,10,1,1
BRDA:79,11,0,1
BRDA:79,11,1,0
BRDA:85,12,0,1
BRDA:85,12,1,0
BRDA:99,13,0,0
BRDA:99,13,1,0
BRDA:101,14,0,0
BRDA:101,14,1,0
BRDA:111,15,0,0
BRDA:111,15,1,0
BRF:32
BRH:13
end_of_record
TN:
SF:lib/collector/util/clearActivitySummaryFromDataLayerArray.js
FN:1,(anonymous_0)
FN:2,(anonymous_1)
FN:5,(anonymous_2)
FNF:3
FNH:1
FNDA:8,(anonymous_0)
FNDA:0,(anonymous_1)
FNDA:0,(anonymous_2)
DA:1,1
DA:2,8
DA:3,0
DA:4,0
DA:5,0
DA:6,0
DA:7,0
DA:8,0
DA:9,0
DA:11,0
DA:14,0
DA:18,0
DA:19,0
DA:20,0
DA:21,0
DA:24,0
DA:27,0
DA:28,0
DA:29,0
LF:19
LH:2
BRDA:6,0,0,0
BRDA:6,0,1,0
BRDA:7,1,0,0
BRDA:7,1,1,0
BRDA:14,2,0,0
BRDA:14,2,1,0
BRDA:15,3,0,0
BRDA:15,3,1,0
BRDA:18,4,0,0
BRDA:18,4,1,0
BRF:10
BRH:0
end_of_record
TN:
SF:lib/collector/util/createCollector.js
FN:4,(anonymous_0)
FN:8,(anonymous_1)
FNF:2
FNH:0
FNDA:0,(anonymous_0)
FNDA:0,(anonymous_1)
DA:1,1
DA:2,1
DA:5,0
DA:6,0
DA:7,0
DA:8,0
DA:9,0
DA:11,0
DA:12,0
DA:13,0
DA:14,0
DA:15,0
DA:16,0
LF:13
LH:2
BRDA:5,0,0,0
BRDA:5,0,1,0
BRDA:6,1,0,0
BRDA:6,1,1,0
BRDA:9,2,0,0
BRDA:9,2,1,0
BRDA:11,3,0,0
BRDA:11,3,1,0
BRF:8
BRH:0
end_of_record
TN:
SF:lib/collector/util/getJsTrackerContext.js
FN:11,(anonymous_0)
FNF:1
FNH:1
FNDA:2,(anonymous_0)
DA:7,2
DA:11,2
DA:12,2
DA:20,2
LF:4
LH:4
BRF:0
BRH:0
end_of_record
TN:
SF:lib/collector/util/processGraphQLResponse.js
FN:1,(anonymous_0)
FN:4,(anonymous_1)
FN:11,(anonymous_2)
FN:24,(anonymous_3)
FN:25,(anonymous_4)
FNF:5
FNH:5
FNDA:65,(anonymous_0)
FNDA:256,(anonymous_1)
FNDA:28,(anonymous_2)
FNDA:191,(anonymous_3)
FNDA:100,(anonymous_4)
DA:1,2
DA:2,65
DA:4,65
DA:5,256
DA:6,65
DA:7,1
DA:10,191
DA:11,17
DA:12,28
DA:14,174
DA:15,31
DA:17,143
DA:21,65
DA:24,2
DA:25,191
DA:26,100
LF:16
LH:16
BRDA:1,0,0,64
BRDA:5,1,0,65
BRDA:5,1,1,191
BRDA:6,2,0,1
BRDA:6,2,1,64
BRDA:10,3,0,17
BRDA:10,3,1,174
BRDA:14,4,0,31
BRDA:14,4,1,143
BRDA:14,5,0,174
BRDA:14,5,1,37
BRF:11
BRH:11
end_of_record
TN:
SF:lib/collector/wrappers/wrapUseCheckoutOverview.js
FN:4,(anonymous_0)
FN:5,(anonymous_1)
FN:11,(anonymous_2)
FNF:3
FNH:3
FNDA:1,(anonymous_0)
FNDA:1,(anonymous_1)
FNDA:1,(anonymous_2)
DA:4,1
DA:5,1
DA:6,1
DA:7,1
DA:8,1
DA:9,1
DA:12,1
DA:13,1
DA:14,1
DA:15,1
LF:10
LH:10
BRF:0
BRH:0
end_of_record
TN:
SF:lib/collector/wrappers/wrapUseFlow.js
FN:4,(anonymous_0)
FN:5,(anonymous_1)
FN:11,(anonymous_2)
FNF:3
FNH:3
FNDA:1,(anonymous_0)
FNDA:1,(anonymous_1)
FNDA:1,(anonymous_2)
DA:4,1
DA:5,1
DA:6,1
DA:7,1
DA:8,1
DA:9,1
DA:12,1
DA:13,1
DA:14,1
DA:15,1
LF:10
LH:10
BRF:0
BRH:0
end_of_record
TN:
SF:lib/collector/wrappers/wrapUseMyAccount.js
FN:3,(anonymous_0)
FN:4,(anonymous_1)
FN:8,(anonymous_2)
FNF:3
FNH:3
FNDA:1,(anonymous_0)
FNDA:1,(anonymous_1)
FNDA:1,(anonymous_2)
DA:3,1
DA:4,1
DA:5,1
DA:6,1
DA:9,1
DA:12,1
DA:13,1
LF:7
LH:7
BRF:0
BRH:0
end_of_record
TN:
SF:lib/collector/wrappers/wrapUseProductFullDetail.js
FN:7,(anonymous_0)
FN:8,(anonymous_1)
FN:11,(anonymous_2)
FN:14,(anonymous_3)
FN:23,(anonymous_4)
FN:44,(anonymous_5)
FNF:6
FNH:4
FNDA:1,(anonymous_0)
FNDA:1,(anonymous_1)
FNDA:1,(anonymous_2)
FNDA:1,(anonymous_3)
FNDA:0,(anonymous_4)
FNDA:0,(anonymous_5)
DA:7,1
DA:8,1
DA:9,1
DA:11,1
DA:12,1
DA:13,1
DA:14,1
DA:15,1
DA:19,1
DA:21,1
DA:24,0
DA:33,0
DA:34,0
DA:35,0
DA:36,0
DA:44,1
DA:45,0
DA:46,0
DA:49,0
DA:50,0
DA:51,0
DA:54,0
LF:22
LH:11
BRDA:45,0,0,0
BRDA:45,0,1,0
BRF:2
BRH:0
end_of_record
TN:
SF:lib/collector/wrappers/wrapUseSignIn.js
FN:3,(anonymous_0)
FN:4,useSignIn
FN:8,(anonymous_2)
FNF:3
FNH:3
FNDA:1,(anonymous_0)
FNDA:1,useSignIn
FNDA:1,(anonymous_2)
DA:3,1
DA:4,1
DA:5,1
DA:6,1
DA:9,1
DA:12,1
DA:13,1
LF:7
LH:7
BRF:0
BRH:0
end_of_record
TN:
SF:lib/recommendations/constants/index.js
FNF:0
FNH:0
LF:0
LH:0
BRF:0
BRH:0
end_of_record
TN:
SF:lib/recommendations/constants/localStorageConstants.js
FNF:0
FNH:0
DA:1,1
DA:2,1
DA:3,1
LF:3
LH:3
BRF:0
BRH:0
end_of_record
TN:
SF:lib/recommendations/constants/pageTypes.js
FNF:0
FNH:0
DA:1,1
DA:2,1
DA:3,1
DA:4,1
DA:5,1
DA:6,1
DA:8,1
LF:7
LH:7
BRF:0
BRH:0
end_of_record
TN:
SF:lib/recommendations/hooks/useRecsData.js
FN:6,(anonymous_0)
FN:32,(anonymous_1)
FN:33,(anonymous_2)
FNF:3
FNH:3
FNDA:9,(anonymous_0)
FNDA:5,(anonymous_1)
FNDA:3,(anonymous_2)
DA:6,1
DA:7,9
DA:8,9
DA:9,9
DA:11,9
DA:16,1
DA:19,8
DA:20,1
DA:28,7
DA:29,7
DA:30,7
DA:32,7
DA:33,5
DA:34,3
DA:36,3
DA:39,3
DA:40,0
DA:43,3
DA:49,3
DA:50,3
DA:51,3
DA:52,3
DA:54,0
DA:55,0
DA:56,0
DA:58,3
DA:59,3
DA:60,3
DA:61,3
DA:62,3
DA:65,5
DA:75,3
DA:79,7
LF:33
LH:29
BRDA:11,0,0,1
BRDA:11,0,1,8
BRDA:12,1,0,9
BRDA:12,1,1,9
BRDA:12,1,2,9
BRDA:12,1,3,8
BRDA:19,2,0,1
BRDA:19,2,1,7
BRDA:19,3,0,8
BRDA:19,3,1,8
BRDA:39,4,0,0
BRDA:39,4,1,3
BRDA:58,5,0,3
BRDA:58,5,1,0
BRDA:65,6,0,3
BRDA:65,6,1,2
BRDA:66,7,0,5
BRDA:66,7,1,3
BRDA:66,7,2,3
BRDA:66,7,3,3
BRDA:66,7,4,3
BRDA:66,7,5,0
BRDA:66,7,6,0
BRDA:66,7,7,3
BRF:24
BRH:20
end_of_record
TN:
SF:test/mocks.js
FN:1,(anonymous_0)
FN:6,(anonymous_1)
FN:26,(anonymous_2)
FN:31,(anonymous_3)
FN:147,(anonymous_4)
FNF:5
FNH:5
FNDA:1,(anonymous_0)
FNDA:1,(anonymous_1)
FNDA:1,(anonymous_2)
FNDA:1,(anonymous_3)
FNDA:1,(anonymous_4)
DA:1,5
DA:6,5
DA:26,5
DA:31,5
DA:147,5
DA:180,5
DA:349,5
DA:2366,5
LF:8
LH:8
BRF:0
BRH:0
end_of_record
